{
  "meta": {
    "version": "6.2",
    "timestamp": "2022-01-24T20:14:49.997874",
    "branch_coverage": false,
    "show_contexts": false
  },
  "files": {
    "omni-coveragereporter-python/__init__.py": {
      "executed_lines": [
        1
      ],
      "summary": {
        "covered_lines": 0,
        "num_statements": 0,
        "percent_covered": 100.0,
        "percent_covered_display": "100",
        "missing_lines": 0,
        "excluded_lines": 0
      },
      "missing_lines": [],
      "excluded_lines": []
    },
    "omni-coveragereporter-python/codacy_client.py": {
      "executed_lines": [],
      "summary": {
        "covered_lines": 0,
        "num_statements": 25,
        "percent_covered": 0.0,
        "percent_covered_display": "0",
        "missing_lines": 25,
        "excluded_lines": 0
      },
      "missing_lines": [
        1,
        3,
        4,
        6,
        8,
        9,
        10,
        13,
        14,
        18,
        19,
        20,
        21,
        22,
        24,
        25,
        26,
        27,
        28,
        29,
        30,
        31,
        32,
        33,
        34
      ],
      "excluded_lines": []
    },
    "omni-coveragereporter-python/codacy_converter.py": {
      "executed_lines": [
        1,
        2,
        4,
        5,
        6,
        7,
        8,
        9,
        11,
        12,
        13,
        15,
        28
      ],
      "summary": {
        "covered_lines": 13,
        "num_statements": 44,
        "percent_covered": 29.545454545454547,
        "percent_covered_display": "30",
        "missing_lines": 31,
        "excluded_lines": 0
      },
      "missing_lines": [
        16,
        17,
        18,
        19,
        20,
        21,
        22,
        23,
        24,
        25,
        29,
        30,
        31,
        33,
        34,
        35,
        36,
        38,
        39,
        40,
        41,
        42,
        43,
        44,
        45,
        46,
        47,
        48,
        49,
        50,
        51
      ],
      "excluded_lines": []
    },
    "omni-coveragereporter-python/codecov_client.py": {
      "executed_lines": [],
      "summary": {
        "covered_lines": 0,
        "num_statements": 22,
        "percent_covered": 0.0,
        "percent_covered_display": "0",
        "missing_lines": 22,
        "excluded_lines": 0
      },
      "missing_lines": [
        1,
        3,
        4,
        6,
        7,
        8,
        10,
        12,
        15,
        16,
        21,
        24,
        25,
        26,
        27,
        28,
        29,
        31,
        32,
        34,
        35,
        36
      ],
      "excluded_lines": []
    },
    "omni-coveragereporter-python/codecov_converter.py": {
      "executed_lines": [],
      "summary": {
        "covered_lines": 0,
        "num_statements": 25,
        "percent_covered": 0.0,
        "percent_covered_display": "0",
        "missing_lines": 25,
        "excluded_lines": 0
      },
      "missing_lines": [
        1,
        2,
        5,
        6,
        7,
        8,
        10,
        11,
        12,
        13,
        14,
        15,
        16,
        17,
        18,
        19,
        20,
        21,
        22,
        23,
        24,
        26,
        27,
        28,
        29
      ],
      "excluded_lines": []
    },
    "omni-coveragereporter-python/common.py": {
      "executed_lines": [
        1
      ],
      "summary": {
        "covered_lines": 1,
        "num_statements": 2,
        "percent_covered": 50.0,
        "percent_covered_display": "50",
        "missing_lines": 1,
        "excluded_lines": 0
      },
      "missing_lines": [
        2
      ],
      "excluded_lines": []
    },
    "omni-coveragereporter-python/coveragepy_parser.py": {
      "executed_lines": [],
      "summary": {
        "covered_lines": 0,
        "num_statements": 4,
        "percent_covered": 0.0,
        "percent_covered_display": "0",
        "missing_lines": 4,
        "excluded_lines": 0
      },
      "missing_lines": [
        1,
        2,
        3,
        4
      ],
      "excluded_lines": []
    },
    "omni-coveragereporter-python/coveralls_client.py": {
      "executed_lines": [],
      "summary": {
        "covered_lines": 0,
        "num_statements": 16,
        "percent_covered": 0.0,
        "percent_covered_display": "0",
        "missing_lines": 16,
        "excluded_lines": 0
      },
      "missing_lines": [
        1,
        2,
        4,
        6,
        8,
        9,
        11,
        14,
        15,
        16,
        17,
        18,
        19,
        20,
        21,
        25
      ],
      "excluded_lines": []
    },
    "omni-coveragereporter-python/coveralls_converter.py": {
      "executed_lines": [],
      "summary": {
        "covered_lines": 0,
        "num_statements": 48,
        "percent_covered": 0.0,
        "percent_covered_display": "0",
        "missing_lines": 48,
        "excluded_lines": 0
      },
      "missing_lines": [
        1,
        2,
        4,
        6,
        7,
        9,
        10,
        11,
        12,
        15,
        16,
        17,
        18,
        19,
        20,
        23,
        24,
        25,
        26,
        28,
        29,
        32,
        40,
        41,
        42,
        47,
        48,
        49,
        50,
        51,
        52,
        53,
        54,
        55,
        56,
        57,
        58,
        59,
        60,
        61,
        62,
        63,
        68,
        69,
        70,
        71,
        73,
        75
      ],
      "excluded_lines": []
    },
    "omni-coveragereporter-python/omni_coveragereporter_python.py": {
      "executed_lines": [],
      "summary": {
        "covered_lines": 0,
        "num_statements": 25,
        "percent_covered": 0.0,
        "percent_covered_display": "0",
        "missing_lines": 25,
        "excluded_lines": 0
      },
      "missing_lines": [
        1,
        2,
        3,
        5,
        6,
        7,
        8,
        9,
        10,
        12,
        13,
        14,
        16,
        18,
        19,
        20,
        21,
        23,
        24,
        25,
        26,
        28,
        29,
        30,
        31
      ],
      "excluded_lines": []
    },
    "omni-coveragereporter-python/test_app.py": {
      "executed_lines": [
        2,
        3,
        6,
        7
      ],
      "summary": {
        "covered_lines": 4,
        "num_statements": 4,
        "percent_covered": 100.0,
        "percent_covered_display": "100",
        "missing_lines": 0,
        "excluded_lines": 0
      },
      "missing_lines": [],
      "excluded_lines": []
    },
    "omni-coveragereporter-python/test_codacy_converter.py": {
      "executed_lines": [
        1,
        4,
        5,
        6,
        7,
        8,
        9
      ],
      "summary": {
        "covered_lines": 7,
        "num_statements": 7,
        "percent_covered": 100.0,
        "percent_covered_display": "100",
        "missing_lines": 0,
        "excluded_lines": 0
      },
      "missing_lines": [],
      "excluded_lines": []
    }
  },
  "totals": {
    "covered_lines": 25,
    "num_statements": 222,
    "percent_covered": 11.26126126126126,
    "percent_covered_display": "11",
    "missing_lines": 197,
    "excluded_lines": 0
  }
}