<?xml version="1.0" encoding="UTF-8" standalone="yes"?><!DOCTYPE report PUBLIC "-//JACOCO//DTD Report 1.1//EN"
        "report.dtd">
<report name="Advanced Library Management Gate">
    <sessioninfo id="Joaos-MacBook-Pro.local-d11c86be" start="1641067960928" dump="1641068028767"/>
    <package name="org/jesperancinha/management/gate/client">
        <class name="org/jesperancinha/management/gate/client/WebClient" sourcefilename="WebClient.kt">
            <method name="&lt;init&gt;" desc="(Ljava/lang/String;Ljava/lang/String;)V" line="14">
                <counter type="INSTRUCTION" missed="53" covered="0"/>
                <counter type="LINE" missed="6" covered="0"/>
                <counter type="COMPLEXITY" missed="1" covered="0"/>
                <counter type="METHOD" missed="1" covered="0"/>
            </method>
            <method name="getReactiveHost" desc="()Ljava/lang/String;" line="18">
                <counter type="INSTRUCTION" missed="3" covered="0"/>
                <counter type="LINE" missed="1" covered="0"/>
                <counter type="COMPLEXITY" missed="1" covered="0"/>
                <counter type="METHOD" missed="1" covered="0"/>
            </method>
            <method name="getMvcHost" desc="()Ljava/lang/String;" line="20">
                <counter type="INSTRUCTION" missed="3" covered="0"/>
                <counter type="LINE" missed="1" covered="0"/>
                <counter type="COMPLEXITY" missed="1" covered="0"/>
                <counter type="METHOD" missed="1" covered="0"/>
            </method>
            <method name="getBookViaReactiveServiceById" desc="(J)Lreactor/core/publisher/Mono;" line="27">
                <counter type="INSTRUCTION" missed="20" covered="0"/>
                <counter type="LINE" missed="2" covered="0"/>
                <counter type="COMPLEXITY" missed="1" covered="0"/>
                <counter type="METHOD" missed="1" covered="0"/>
            </method>
            <method name="getBookViaJpaServiceById" desc="(J)Lreactor/core/publisher/Mono;" line="30">
                <counter type="INSTRUCTION" missed="20" covered="0"/>
                <counter type="LINE" missed="2" covered="0"/>
                <counter type="COMPLEXITY" missed="1" covered="0"/>
                <counter type="METHOD" missed="1" covered="0"/>
            </method>
            <method name="sendBookViaReactiveService"
                    desc="(Lorg/jesperancinha/management/dtos/BookDto;)Lreactor/core/publisher/Mono;" line="33">
                <counter type="INSTRUCTION" missed="37" covered="0"/>
                <counter type="LINE" missed="5" covered="0"/>
                <counter type="COMPLEXITY" missed="1" covered="0"/>
                <counter type="METHOD" missed="1" covered="0"/>
            </method>
            <method name="sendViaJpaServiceBook"
                    desc="(Lorg/jesperancinha/management/dtos/BookDto;)Lreactor/core/publisher/Mono;" line="39">
                <counter type="INSTRUCTION" missed="37" covered="0"/>
                <counter type="LINE" missed="5" covered="0"/>
                <counter type="COMPLEXITY" missed="1" covered="0"/>
                <counter type="METHOD" missed="1" covered="0"/>
            </method>
            <counter type="INSTRUCTION" missed="173" covered="0"/>
            <counter type="LINE" missed="22" covered="0"/>
            <counter type="COMPLEXITY" missed="7" covered="0"/>
            <counter type="METHOD" missed="7" covered="0"/>
            <counter type="CLASS" missed="1" covered="0"/>
        </class>
        <class name="org/jesperancinha/management/gate/client/WebClientTest" sourcefilename="WebClientTest.kt">
            <method name="&lt;init&gt;" desc="()V" line="13">
                <counter type="INSTRUCTION" missed="3" covered="0"/>
                <counter type="LINE" missed="2" covered="0"/>
                <counter type="COMPLEXITY" missed="1" covered="0"/>
                <counter type="METHOD" missed="1" covered="0"/>
            </method>
            <method name="getBookViaReactiveServiceById" desc="(J)Lreactor/core/publisher/Mono;" line="17">
                <counter type="INSTRUCTION" missed="3" covered="0"/>
                <counter type="LINE" missed="1" covered="0"/>
                <counter type="COMPLEXITY" missed="1" covered="0"/>
                <counter type="METHOD" missed="1" covered="0"/>
            </method>
            <method name="getBookViaJpaServiceById" desc="(J)Lreactor/core/publisher/Mono;" line="19">
                <counter type="INSTRUCTION" missed="16" covered="0"/>
                <counter type="LINE" missed="1" covered="0"/>
                <counter type="COMPLEXITY" missed="1" covered="0"/>
                <counter type="METHOD" missed="1" covered="0"/>
            </method>
            <method name="sendBookViaReactiveService"
                    desc="(Lorg/jesperancinha/management/dtos/BookDto;)Lreactor/core/publisher/Mono;" line="21">
                <counter type="INSTRUCTION" missed="6" covered="0"/>
                <counter type="LINE" missed="1" covered="0"/>
                <counter type="COMPLEXITY" missed="1" covered="0"/>
                <counter type="METHOD" missed="1" covered="0"/>
            </method>
            <method name="sendViaJpaServiceBook"
                    desc="(Lorg/jesperancinha/management/dtos/BookDto;)Lreactor/core/publisher/Mono;" line="23">
                <counter type="INSTRUCTION" missed="19" covered="0"/>
                <counter type="LINE" missed="1" covered="0"/>
                <counter type="COMPLEXITY" missed="1" covered="0"/>
                <counter type="METHOD" missed="1" covered="0"/>
            </method>
            <method name="mockRandomResponse" desc="()Lreactor/core/publisher/Mono;" line="25">
                <counter type="INSTRUCTION" missed="134" covered="0"/>
                <counter type="LINE" missed="10" covered="0"/>
                <counter type="COMPLEXITY" missed="1" covered="0"/>
                <counter type="METHOD" missed="1" covered="0"/>
            </method>
            <counter type="INSTRUCTION" missed="181" covered="0"/>
            <counter type="LINE" missed="16" covered="0"/>
            <counter type="COMPLEXITY" missed="6" covered="0"/>
            <counter type="METHOD" missed="6" covered="0"/>
            <counter type="CLASS" missed="1" covered="0"/>
        </class>
        <class name="org/jesperancinha/management/gate/client/WebClientInterface"
               sourcefilename="WebClientInterface.kt"/>
        <class name="org/jesperancinha/management/gate/client/WebClient$getBookViaReactiveServiceById$$inlined$bodyToMono$1"
               sourcefilename="WebClientExtensions.kt">
            <method name="&lt;init&gt;" desc="()V" line="120">
                <counter type="INSTRUCTION" missed="3" covered="0"/>
                <counter type="LINE" missed="1" covered="0"/>
                <counter type="COMPLEXITY" missed="1" covered="0"/>
                <counter type="METHOD" missed="1" covered="0"/>
            </method>
            <counter type="INSTRUCTION" missed="3" covered="0"/>
            <counter type="LINE" missed="1" covered="0"/>
            <counter type="COMPLEXITY" missed="1" covered="0"/>
            <counter type="METHOD" missed="1" covered="0"/>
            <counter type="CLASS" missed="1" covered="0"/>
        </class>
        <class name="org/jesperancinha/management/gate/client/WebClient$sendViaJpaServiceBook$$inlined$bodyToMono$1"
               sourcefilename="WebClientExtensions.kt">
            <method name="&lt;init&gt;" desc="()V" line="120">
                <counter type="INSTRUCTION" missed="3" covered="0"/>
                <counter type="LINE" missed="1" covered="0"/>
                <counter type="COMPLEXITY" missed="1" covered="0"/>
                <counter type="METHOD" missed="1" covered="0"/>
            </method>
            <counter type="INSTRUCTION" missed="3" covered="0"/>
            <counter type="LINE" missed="1" covered="0"/>
            <counter type="COMPLEXITY" missed="1" covered="0"/>
            <counter type="METHOD" missed="1" covered="0"/>
            <counter type="CLASS" missed="1" covered="0"/>
        </class>
        <class name="org/jesperancinha/management/gate/client/WebClient$getBookViaJpaServiceById$$inlined$bodyToMono$1"
               sourcefilename="WebClientExtensions.kt">
            <method name="&lt;init&gt;" desc="()V" line="120">
                <counter type="INSTRUCTION" missed="3" covered="0"/>
                <counter type="LINE" missed="1" covered="0"/>
                <counter type="COMPLEXITY" missed="1" covered="0"/>
                <counter type="METHOD" missed="1" covered="0"/>
            </method>
            <counter type="INSTRUCTION" missed="3" covered="0"/>
            <counter type="LINE" missed="1" covered="0"/>
            <counter type="COMPLEXITY" missed="1" covered="0"/>
            <counter type="METHOD" missed="1" covered="0"/>
            <counter type="CLASS" missed="1" covered="0"/>
        </class>
        <class name="org/jesperancinha/management/gate/client/WebClient$sendBookViaReactiveService$$inlined$bodyToMono$1"
               sourcefilename="WebClientExtensions.kt">
            <method name="&lt;init&gt;" desc="()V" line="120">
                <counter type="INSTRUCTION" missed="3" covered="0"/>
                <counter type="LINE" missed="1" covered="0"/>
                <counter type="COMPLEXITY" missed="1" covered="0"/>
                <counter type="METHOD" missed="1" covered="0"/>
            </method>
            <counter type="INSTRUCTION" missed="3" covered="0"/>
            <counter type="LINE" missed="1" covered="0"/>
            <counter type="COMPLEXITY" missed="1" covered="0"/>
            <counter type="METHOD" missed="1" covered="0"/>
            <counter type="CLASS" missed="1" covered="0"/>
        </class>
        <sourcefile name="WebClient.kt">
            <line nr="14" mi="2" ci="0" mb="0" cb="0"/>
            <line nr="16" mi="1" ci="0" mb="0" cb="0"/>
            <line nr="17" mi="3" ci="0" mb="0" cb="0"/>
            <line nr="18" mi="3" ci="0" mb="0" cb="0"/>
            <line nr="19" mi="3" ci="0" mb="0" cb="0"/>
            <line nr="20" mi="3" ci="0" mb="0" cb="0"/>
            <line nr="24" mi="19" ci="0" mb="0" cb="0"/>
            <line nr="25" mi="19" ci="0" mb="0" cb="0"/>
            <line nr="27" mi="3" ci="0" mb="0" cb="0"/>
            <line nr="28" mi="17" ci="0" mb="0" cb="0"/>
            <line nr="30" mi="3" ci="0" mb="0" cb="0"/>
            <line nr="31" mi="17" ci="0" mb="0" cb="0"/>
            <line nr="33" mi="3" ci="0" mb="0" cb="0"/>
            <line nr="34" mi="5" ci="0" mb="0" cb="0"/>
            <line nr="35" mi="11" ci="0" mb="0" cb="0"/>
            <line nr="36" mi="5" ci="0" mb="0" cb="0"/>
            <line nr="37" mi="10" ci="0" mb="0" cb="0"/>
            <line nr="39" mi="3" ci="0" mb="0" cb="0"/>
            <line nr="40" mi="5" ci="0" mb="0" cb="0"/>
            <line nr="41" mi="11" ci="0" mb="0" cb="0"/>
            <line nr="42" mi="5" ci="0" mb="0" cb="0"/>
            <line nr="43" mi="10" ci="0" mb="0" cb="0"/>
            <counter type="INSTRUCTION" missed="173" covered="0"/>
            <counter type="LINE" missed="22" covered="0"/>
            <counter type="COMPLEXITY" missed="7" covered="0"/>
            <counter type="METHOD" missed="7" covered="0"/>
            <counter type="CLASS" missed="1" covered="0"/>
        </sourcefile>
        <sourcefile name="WebClientTest.kt">
            <line nr="13" mi="2" ci="0" mb="0" cb="0"/>
            <line nr="15" mi="1" ci="0" mb="0" cb="0"/>
            <line nr="17" mi="3" ci="0" mb="0" cb="0"/>
            <line nr="19" mi="16" ci="0" mb="0" cb="0"/>
            <line nr="21" mi="3" ci="0" mb="0" cb="0"/>
            <line nr="23" mi="16" ci="0" mb="0" cb="0"/>
            <line nr="25" mi="6" ci="0" mb="0" cb="0"/>
            <line nr="26" mi="31" ci="0" mb="0" cb="0"/>
            <line nr="27" mi="11" ci="0" mb="0" cb="0"/>
            <line nr="28" mi="11" ci="0" mb="0" cb="0"/>
            <line nr="29" mi="11" ci="0" mb="0" cb="0"/>
            <line nr="30" mi="11" ci="0" mb="0" cb="0"/>
            <line nr="31" mi="16" ci="0" mb="0" cb="0"/>
            <line nr="32" mi="19" ci="0" mb="0" cb="0"/>
            <line nr="33" mi="16" ci="0" mb="0" cb="0"/>
            <line nr="34" mi="2" ci="0" mb="0" cb="0"/>
            <counter type="INSTRUCTION" missed="181" covered="0"/>
            <counter type="LINE" missed="16" covered="0"/>
            <counter type="COMPLEXITY" missed="6" covered="0"/>
            <counter type="METHOD" missed="6" covered="0"/>
            <counter type="CLASS" missed="1" covered="0"/>
        </sourcefile>
        <sourcefile name="WebClientInterface.kt"/>
        <sourcefile name="WebClientExtensions.kt">
            <line nr="120" mi="12" ci="0" mb="0" cb="0"/>
            <counter type="INSTRUCTION" missed="12" covered="0"/>
            <counter type="LINE" missed="1" covered="0"/>
            <counter type="COMPLEXITY" missed="4" covered="0"/>
            <counter type="METHOD" missed="4" covered="0"/>
            <counter type="CLASS" missed="4" covered="0"/>
        </sourcefile>
        <counter type="INSTRUCTION" missed="366" covered="0"/>
        <counter type="LINE" missed="39" covered="0"/>
        <counter type="COMPLEXITY" missed="17" covered="0"/>
        <counter type="METHOD" missed="17" covered="0"/>
        <counter type="CLASS" missed="6" covered="0"/>
    </package>
    <package name="org/jesperancinha/management/gate/controller">
        <class name="org/jesperancinha/management/gate/controller/AdvancedLibraryG5Controller"
               sourcefilename="AdvancedLibraryG5Controller.kt">
            <method name="&lt;init&gt;" desc="(Lorg/jesperancinha/management/gate/services/AlmG5BookService;)V"
                    line="11">
                <counter type="INSTRUCTION" missed="0" covered="9"/>
                <counter type="LINE" missed="0" covered="3"/>
                <counter type="COMPLEXITY" missed="0" covered="1"/>
                <counter type="METHOD" missed="0" covered="1"/>
            </method>
            <method name="getBookCBById" desc="(J)Lreactor/core/publisher/Mono;" line="17">
                <counter type="INSTRUCTION" missed="5" covered="0"/>
                <counter type="LINE" missed="1" covered="0"/>
                <counter type="COMPLEXITY" missed="1" covered="0"/>
                <counter type="METHOD" missed="1" covered="0"/>
            </method>
            <method name="createBook" desc="(Lorg/jesperancinha/management/dtos/BookDto;)Lreactor/core/publisher/Mono;"
                    line="20">
                <counter type="INSTRUCTION" missed="8" covered="0"/>
                <counter type="LINE" missed="1" covered="0"/>
                <counter type="COMPLEXITY" missed="1" covered="0"/>
                <counter type="METHOD" missed="1" covered="0"/>
            </method>
            <counter type="INSTRUCTION" missed="13" covered="9"/>
            <counter type="LINE" missed="2" covered="3"/>
            <counter type="COMPLEXITY" missed="2" covered="1"/>
            <counter type="METHOD" missed="2" covered="1"/>
            <counter type="CLASS" missed="0" covered="1"/>
        </class>
        <class name="org/jesperancinha/management/gate/controller/AdvancedLibraryG1Controller"
               sourcefilename="AdvancedLibraryG1Controller.kt">
            <method name="&lt;init&gt;" desc="(Lorg/jesperancinha/management/gate/services/AlmG1BookService;)V"
                    line="11">
                <counter type="INSTRUCTION" missed="0" covered="9"/>
                <counter type="LINE" missed="0" covered="3"/>
                <counter type="COMPLEXITY" missed="0" covered="1"/>
                <counter type="METHOD" missed="0" covered="1"/>
            </method>
            <method name="getBookCBById" desc="(J)Lreactor/core/publisher/Mono;" line="17">
                <counter type="INSTRUCTION" missed="5" covered="0"/>
                <counter type="LINE" missed="1" covered="0"/>
                <counter type="COMPLEXITY" missed="1" covered="0"/>
                <counter type="METHOD" missed="1" covered="0"/>
            </method>
            <method name="createBook" desc="(Lorg/jesperancinha/management/dtos/BookDto;)Lreactor/core/publisher/Mono;"
                    line="20">
                <counter type="INSTRUCTION" missed="8" covered="0"/>
                <counter type="LINE" missed="1" covered="0"/>
                <counter type="COMPLEXITY" missed="1" covered="0"/>
                <counter type="METHOD" missed="1" covered="0"/>
            </method>
            <counter type="INSTRUCTION" missed="13" covered="9"/>
            <counter type="LINE" missed="2" covered="3"/>
            <counter type="COMPLEXITY" missed="2" covered="1"/>
            <counter type="METHOD" missed="2" covered="1"/>
            <counter type="CLASS" missed="0" covered="1"/>
        </class>
        <class name="org/jesperancinha/management/gate/controller/AdvancedLibraryG3Controller"
               sourcefilename="AdvancedLibraryG3Controller.kt">
            <method name="&lt;init&gt;" desc="(Lorg/jesperancinha/management/gate/services/AlmG3BookService;)V"
                    line="11">
                <counter type="INSTRUCTION" missed="0" covered="9"/>
                <counter type="LINE" missed="0" covered="3"/>
                <counter type="COMPLEXITY" missed="0" covered="1"/>
                <counter type="METHOD" missed="0" covered="1"/>
            </method>
            <method name="getBookCBById" desc="(J)Lreactor/core/publisher/Mono;" line="17">
                <counter type="INSTRUCTION" missed="5" covered="0"/>
                <counter type="LINE" missed="1" covered="0"/>
                <counter type="COMPLEXITY" missed="1" covered="0"/>
                <counter type="METHOD" missed="1" covered="0"/>
            </method>
            <method name="createBook" desc="(Lorg/jesperancinha/management/dtos/BookDto;)Lreactor/core/publisher/Mono;"
                    line="20">
                <counter type="INSTRUCTION" missed="8" covered="0"/>
                <counter type="LINE" missed="1" covered="0"/>
                <counter type="COMPLEXITY" missed="1" covered="0"/>
                <counter type="METHOD" missed="1" covered="0"/>
            </method>
            <counter type="INSTRUCTION" missed="13" covered="9"/>
            <counter type="LINE" missed="2" covered="3"/>
            <counter type="COMPLEXITY" missed="2" covered="1"/>
            <counter type="METHOD" missed="2" covered="1"/>
            <counter type="CLASS" missed="0" covered="1"/>
        </class>
        <class name="org/jesperancinha/management/gate/controller/AdvancedLibraryG4Controller"
               sourcefilename="AdvancedLibraryG4Controller.kt">
            <method name="&lt;init&gt;" desc="(Lorg/jesperancinha/management/gate/services/AlmG4BookService;)V"
                    line="11">
                <counter type="INSTRUCTION" missed="0" covered="9"/>
                <counter type="LINE" missed="0" covered="3"/>
                <counter type="COMPLEXITY" missed="0" covered="1"/>
                <counter type="METHOD" missed="0" covered="1"/>
            </method>
            <method name="getBookCBById" desc="(J)Lreactor/core/publisher/Mono;" line="17">
                <counter type="INSTRUCTION" missed="5" covered="0"/>
                <counter type="LINE" missed="1" covered="0"/>
                <counter type="COMPLEXITY" missed="1" covered="0"/>
                <counter type="METHOD" missed="1" covered="0"/>
            </method>
            <method name="createBook" desc="(Lorg/jesperancinha/management/dtos/BookDto;)Lreactor/core/publisher/Mono;"
                    line="20">
                <counter type="INSTRUCTION" missed="8" covered="0"/>
                <counter type="LINE" missed="1" covered="0"/>
                <counter type="COMPLEXITY" missed="1" covered="0"/>
                <counter type="METHOD" missed="1" covered="0"/>
            </method>
            <counter type="INSTRUCTION" missed="13" covered="9"/>
            <counter type="LINE" missed="2" covered="3"/>
            <counter type="COMPLEXITY" missed="2" covered="1"/>
            <counter type="METHOD" missed="2" covered="1"/>
            <counter type="CLASS" missed="0" covered="1"/>
        </class>
        <class name="org/jesperancinha/management/gate/controller/AdvancedLibraryG2Controller"
               sourcefilename="AdvancedLibraryG2Controller.kt">
            <method name="&lt;init&gt;" desc="(Lorg/jesperancinha/management/gate/services/AlmG2BookService;)V"
                    line="11">
                <counter type="INSTRUCTION" missed="0" covered="9"/>
                <counter type="LINE" missed="0" covered="3"/>
                <counter type="COMPLEXITY" missed="0" covered="1"/>
                <counter type="METHOD" missed="0" covered="1"/>
            </method>
            <method name="getBookCBById" desc="(J)Lreactor/core/publisher/Mono;" line="17">
                <counter type="INSTRUCTION" missed="5" covered="0"/>
                <counter type="LINE" missed="1" covered="0"/>
                <counter type="COMPLEXITY" missed="1" covered="0"/>
                <counter type="METHOD" missed="1" covered="0"/>
            </method>
            <method name="createBook" desc="(Lorg/jesperancinha/management/dtos/BookDto;)Lreactor/core/publisher/Mono;"
                    line="20">
                <counter type="INSTRUCTION" missed="8" covered="0"/>
                <counter type="LINE" missed="1" covered="0"/>
                <counter type="COMPLEXITY" missed="1" covered="0"/>
                <counter type="METHOD" missed="1" covered="0"/>
            </method>
            <counter type="INSTRUCTION" missed="13" covered="9"/>
            <counter type="LINE" missed="2" covered="3"/>
            <counter type="COMPLEXITY" missed="2" covered="1"/>
            <counter type="METHOD" missed="2" covered="1"/>
            <counter type="CLASS" missed="0" covered="1"/>
        </class>
        <sourcefile name="AdvancedLibraryG2Controller.kt">
            <line nr="11" mi="0" ci="2" mb="0" cb="0"/>
            <line nr="13" mi="0" ci="1" mb="0" cb="0"/>
            <line nr="14" mi="0" ci="3" mb="0" cb="0"/>
            <line nr="17" mi="5" ci="0" mb="0" cb="0"/>
            <line nr="20" mi="5" ci="0" mb="0" cb="0"/>
            <counter type="INSTRUCTION" missed="13" covered="9"/>
            <counter type="LINE" missed="2" covered="3"/>
            <counter type="COMPLEXITY" missed="2" covered="1"/>
            <counter type="METHOD" missed="2" covered="1"/>
            <counter type="CLASS" missed="0" covered="1"/>
        </sourcefile>
        <sourcefile name="AdvancedLibraryG3Controller.kt">
            <line nr="11" mi="0" ci="2" mb="0" cb="0"/>
            <line nr="13" mi="0" ci="1" mb="0" cb="0"/>
            <line nr="14" mi="0" ci="3" mb="0" cb="0"/>
            <line nr="17" mi="5" ci="0" mb="0" cb="0"/>
            <line nr="20" mi="5" ci="0" mb="0" cb="0"/>
            <counter type="INSTRUCTION" missed="13" covered="9"/>
            <counter type="LINE" missed="2" covered="3"/>
            <counter type="COMPLEXITY" missed="2" covered="1"/>
            <counter type="METHOD" missed="2" covered="1"/>
            <counter type="CLASS" missed="0" covered="1"/>
        </sourcefile>
        <sourcefile name="AdvancedLibraryG5Controller.kt">
            <line nr="11" mi="0" ci="2" mb="0" cb="0"/>
            <line nr="13" mi="0" ci="1" mb="0" cb="0"/>
            <line nr="14" mi="0" ci="3" mb="0" cb="0"/>
            <line nr="17" mi="5" ci="0" mb="0" cb="0"/>
            <line nr="20" mi="5" ci="0" mb="0" cb="0"/>
            <counter type="INSTRUCTION" missed="13" covered="9"/>
            <counter type="LINE" missed="2" covered="3"/>
            <counter type="COMPLEXITY" missed="2" covered="1"/>
            <counter type="METHOD" missed="2" covered="1"/>
            <counter type="CLASS" missed="0" covered="1"/>
        </sourcefile>
        <sourcefile name="AdvancedLibraryG4Controller.kt">
            <line nr="11" mi="0" ci="2" mb="0" cb="0"/>
            <line nr="13" mi="0" ci="1" mb="0" cb="0"/>
            <line nr="14" mi="0" ci="3" mb="0" cb="0"/>
            <line nr="17" mi="5" ci="0" mb="0" cb="0"/>
            <line nr="20" mi="5" ci="0" mb="0" cb="0"/>
            <counter type="INSTRUCTION" missed="13" covered="9"/>
            <counter type="LINE" missed="2" covered="3"/>
            <counter type="COMPLEXITY" missed="2" covered="1"/>
            <counter type="METHOD" missed="2" covered="1"/>
            <counter type="CLASS" missed="0" covered="1"/>
        </sourcefile>
        <sourcefile name="AdvancedLibraryG1Controller.kt">
            <line nr="11" mi="0" ci="2" mb="0" cb="0"/>
            <line nr="13" mi="0" ci="1" mb="0" cb="0"/>
            <line nr="14" mi="0" ci="3" mb="0" cb="0"/>
            <line nr="17" mi="5" ci="0" mb="0" cb="0"/>
            <line nr="20" mi="5" ci="0" mb="0" cb="0"/>
            <counter type="INSTRUCTION" missed="13" covered="9"/>
            <counter type="LINE" missed="2" covered="3"/>
            <counter type="COMPLEXITY" missed="2" covered="1"/>
            <counter type="METHOD" missed="2" covered="1"/>
            <counter type="CLASS" missed="0" covered="1"/>
        </sourcefile>
        <counter type="INSTRUCTION" missed="65" covered="45"/>
        <counter type="LINE" missed="10" covered="15"/>
        <counter type="COMPLEXITY" missed="10" covered="5"/>
        <counter type="METHOD" missed="10" covered="5"/>
        <counter type="CLASS" missed="0" covered="5"/>
    </package>
    <package name="org/jesperancinha/management">
        <class name="org/jesperancinha/management/AdvancedLibraryGateLauncher"
               sourcefilename="AdvancedLibraryGateLauncher.kt">
            <method name="&lt;init&gt;" desc="()V" line="7">
                <counter type="INSTRUCTION" missed="0" covered="3"/>
                <counter type="LINE" missed="0" covered="2"/>
                <counter type="COMPLEXITY" missed="0" covered="1"/>
                <counter type="METHOD" missed="0" covered="1"/>
            </method>
            <counter type="INSTRUCTION" missed="0" covered="3"/>
            <counter type="LINE" missed="0" covered="2"/>
            <counter type="COMPLEXITY" missed="0" covered="1"/>
            <counter type="METHOD" missed="0" covered="1"/>
            <counter type="CLASS" missed="0" covered="1"/>
        </class>
        <class name="org/jesperancinha/management/AdvancedLibraryGateLauncher$Companion"
               sourcefilename="AdvancedLibraryGateLauncher.kt">
            <method name="main" desc="([Ljava/lang/String;)V" line="12">
                <counter type="INSTRUCTION" missed="12" covered="0"/>
                <counter type="LINE" missed="2" covered="0"/>
                <counter type="COMPLEXITY" missed="1" covered="0"/>
                <counter type="METHOD" missed="1" covered="0"/>
            </method>
            <counter type="INSTRUCTION" missed="12" covered="0"/>
            <counter type="LINE" missed="2" covered="0"/>
            <counter type="COMPLEXITY" missed="1" covered="0"/>
            <counter type="METHOD" missed="1" covered="0"/>
            <counter type="CLASS" missed="1" covered="0"/>
        </class>
        <sourcefile name="AdvancedLibraryGateLauncher.kt">
            <line nr="7" mi="0" ci="2" mb="0" cb="0"/>
            <line nr="8" mi="0" ci="1" mb="0" cb="0"/>
            <line nr="12" mi="7" ci="0" mb="0" cb="0"/>
            <line nr="13" mi="1" ci="0" mb="0" cb="0"/>
            <counter type="INSTRUCTION" missed="12" covered="3"/>
            <counter type="LINE" missed="2" covered="2"/>
            <counter type="COMPLEXITY" missed="1" covered="1"/>
            <counter type="METHOD" missed="1" covered="1"/>
            <counter type="CLASS" missed="1" covered="1"/>
        </sourcefile>
        <counter type="INSTRUCTION" missed="12" covered="3"/>
        <counter type="LINE" missed="2" covered="2"/>
        <counter type="COMPLEXITY" missed="1" covered="1"/>
        <counter type="METHOD" missed="1" covered="1"/>
        <counter type="CLASS" missed="1" covered="1"/>
    </package>
    <package name="org/jesperancinha/management/gate/exception">
        <class name="org/jesperancinha/management/gate/exception/IgnoredException" sourcefilename="IgnoredException.kt">
            <method name="&lt;init&gt;" desc="()V" line="3">
                <counter type="INSTRUCTION" missed="0" covered="3"/>
                <counter type="LINE" missed="0" covered="1"/>
                <counter type="COMPLEXITY" missed="0" covered="1"/>
                <counter type="METHOD" missed="0" covered="1"/>
            </method>
            <counter type="INSTRUCTION" missed="0" covered="3"/>
            <counter type="LINE" missed="0" covered="1"/>
            <counter type="COMPLEXITY" missed="0" covered="1"/>
            <counter type="METHOD" missed="0" covered="1"/>
            <counter type="CLASS" missed="0" covered="1"/>
        </class>
        <class name="org/jesperancinha/management/gate/exception/ReactiveAccessException"
               sourcefilename="ReactiveAccessException.kt">
            <method name="&lt;init&gt;" desc="()V" line="6">
                <counter type="INSTRUCTION" missed="0" covered="3"/>
                <counter type="LINE" missed="0" covered="1"/>
                <counter type="COMPLEXITY" missed="0" covered="1"/>
                <counter type="METHOD" missed="0" covered="1"/>
            </method>
            <counter type="INSTRUCTION" missed="0" covered="3"/>
            <counter type="LINE" missed="0" covered="1"/>
            <counter type="COMPLEXITY" missed="0" covered="1"/>
            <counter type="METHOD" missed="0" covered="1"/>
            <counter type="CLASS" missed="0" covered="1"/>
        </class>
        <class name="org/jesperancinha/management/gate/exception/NotConfiguredException"
               sourcefilename="NotConfiguredException.kt">
            <method name="&lt;init&gt;" desc="()V" line="3">
                <counter type="INSTRUCTION" missed="3" covered="0"/>
                <counter type="LINE" missed="1" covered="0"/>
                <counter type="COMPLEXITY" missed="1" covered="0"/>
                <counter type="METHOD" missed="1" covered="0"/>
            </method>
            <counter type="INSTRUCTION" missed="3" covered="0"/>
            <counter type="LINE" missed="1" covered="0"/>
            <counter type="COMPLEXITY" missed="1" covered="0"/>
            <counter type="METHOD" missed="1" covered="0"/>
            <counter type="CLASS" missed="1" covered="0"/>
        </class>
        <sourcefile name="ReactiveAccessException.kt">
            <line nr="6" mi="0" ci="3" mb="0" cb="0"/>
            <counter type="INSTRUCTION" missed="0" covered="3"/>
            <counter type="LINE" missed="0" covered="1"/>
            <counter type="COMPLEXITY" missed="0" covered="1"/>
            <counter type="METHOD" missed="0" covered="1"/>
            <counter type="CLASS" missed="0" covered="1"/>
        </sourcefile>
        <sourcefile name="NotConfiguredException.kt">
            <line nr="3" mi="3" ci="0" mb="0" cb="0"/>
            <counter type="INSTRUCTION" missed="3" covered="0"/>
            <counter type="LINE" missed="1" covered="0"/>
            <counter type="COMPLEXITY" missed="1" covered="0"/>
            <counter type="METHOD" missed="1" covered="0"/>
            <counter type="CLASS" missed="1" covered="0"/>
        </sourcefile>
        <sourcefile name="IgnoredException.kt">
            <line nr="3" mi="0" ci="3" mb="0" cb="0"/>
            <counter type="INSTRUCTION" missed="0" covered="3"/>
            <counter type="LINE" missed="0" covered="1"/>
            <counter type="COMPLEXITY" missed="0" covered="1"/>
            <counter type="METHOD" missed="0" covered="1"/>
            <counter type="CLASS" missed="0" covered="1"/>
        </sourcefile>
        <counter type="INSTRUCTION" missed="3" covered="6"/>
        <counter type="LINE" missed="1" covered="2"/>
        <counter type="COMPLEXITY" missed="1" covered="2"/>
        <counter type="METHOD" missed="1" covered="2"/>
        <counter type="CLASS" missed="1" covered="2"/>
    </package>
    <package name="org/jesperancinha/management/gate/domain">
        <class name="org/jesperancinha/management/gate/domain/Body" sourcefilename="Body.kt">
            <method name="&lt;init&gt;"
                    desc="(Ljava/lang/String;Lorg/jesperancinha/management/gate/domain/Components;)V" line="6">
                <counter type="INSTRUCTION" missed="0" covered="9"/>
                <counter type="LINE" missed="0" covered="3"/>
                <counter type="COMPLEXITY" missed="0" covered="1"/>
                <counter type="METHOD" missed="0" covered="1"/>
            </method>
            <method name="getStatus" desc="()Ljava/lang/String;" line="7">
                <counter type="INSTRUCTION" missed="3" covered="0"/>
                <counter type="LINE" missed="1" covered="0"/>
                <counter type="COMPLEXITY" missed="1" covered="0"/>
                <counter type="METHOD" missed="1" covered="0"/>
            </method>
            <method name="getComponents" desc="()Lorg/jesperancinha/management/gate/domain/Components;" line="8">
                <counter type="INSTRUCTION" missed="0" covered="3"/>
                <counter type="LINE" missed="0" covered="1"/>
                <counter type="COMPLEXITY" missed="0" covered="1"/>
                <counter type="METHOD" missed="0" covered="1"/>
            </method>
            <method name="&lt;init&gt;" desc="()V" line="10">
                <counter type="INSTRUCTION" missed="0" covered="5"/>
                <counter type="LINE" missed="0" covered="1"/>
                <counter type="COMPLEXITY" missed="0" covered="1"/>
                <counter type="METHOD" missed="0" covered="1"/>
            </method>
            <counter type="INSTRUCTION" missed="3" covered="17"/>
            <counter type="LINE" missed="0" covered="4"/>
            <counter type="COMPLEXITY" missed="1" covered="3"/>
            <counter type="METHOD" missed="1" covered="3"/>
            <counter type="CLASS" missed="0" covered="1"/>
        </class>
        <class name="org/jesperancinha/management/gate/domain/Components" sourcefilename="Components.kt">
            <method name="&lt;init&gt;" desc="(Lorg/jesperancinha/management/gate/domain/CircuitBreakers;)V" line="6">
                <counter type="INSTRUCTION" missed="0" covered="6"/>
                <counter type="LINE" missed="0" covered="2"/>
                <counter type="COMPLEXITY" missed="0" covered="1"/>
                <counter type="METHOD" missed="0" covered="1"/>
            </method>
            <method name="getCircuitBreakers" desc="()Lorg/jesperancinha/management/gate/domain/CircuitBreakers;"
                    line="7">
                <counter type="INSTRUCTION" missed="0" covered="3"/>
                <counter type="LINE" missed="0" covered="1"/>
                <counter type="COMPLEXITY" missed="0" covered="1"/>
                <counter type="METHOD" missed="0" covered="1"/>
            </method>
            <method name="&lt;init&gt;" desc="()V" line="9">
                <counter type="INSTRUCTION" missed="0" covered="4"/>
                <counter type="LINE" missed="0" covered="1"/>
                <counter type="COMPLEXITY" missed="0" covered="1"/>
                <counter type="METHOD" missed="0" covered="1"/>
            </method>
            <counter type="INSTRUCTION" missed="0" covered="13"/>
            <counter type="LINE" missed="0" covered="3"/>
            <counter type="COMPLEXITY" missed="0" covered="3"/>
            <counter type="METHOD" missed="0" covered="3"/>
            <counter type="CLASS" missed="0" covered="1"/>
        </class>
        <class name="org/jesperancinha/management/gate/domain/CircuitBreakers" sourcefilename="CircuitBreakers.kt">
            <method name="&lt;init&gt;" desc="(Ljava/lang/String;Ljava/util/Map;)V" line="3">
                <counter type="INSTRUCTION" missed="0" covered="9"/>
                <counter type="LINE" missed="0" covered="3"/>
                <counter type="COMPLEXITY" missed="0" covered="1"/>
                <counter type="METHOD" missed="0" covered="1"/>
            </method>
            <method name="getStatus" desc="()Ljava/lang/String;" line="4">
                <counter type="INSTRUCTION" missed="3" covered="0"/>
                <counter type="LINE" missed="1" covered="0"/>
                <counter type="COMPLEXITY" missed="1" covered="0"/>
                <counter type="METHOD" missed="1" covered="0"/>
            </method>
            <method name="getDetails" desc="()Ljava/util/Map;" line="5">
                <counter type="INSTRUCTION" missed="0" covered="3"/>
                <counter type="LINE" missed="0" covered="1"/>
                <counter type="COMPLEXITY" missed="0" covered="1"/>
                <counter type="METHOD" missed="0" covered="1"/>
            </method>
            <method name="&lt;init&gt;" desc="()V" line="7">
                <counter type="INSTRUCTION" missed="0" covered="5"/>
                <counter type="LINE" missed="0" covered="1"/>
                <counter type="COMPLEXITY" missed="0" covered="1"/>
                <counter type="METHOD" missed="0" covered="1"/>
            </method>
            <counter type="INSTRUCTION" missed="3" covered="17"/>
            <counter type="LINE" missed="0" covered="4"/>
            <counter type="COMPLEXITY" missed="1" covered="3"/>
            <counter type="METHOD" missed="1" covered="3"/>
            <counter type="CLASS" missed="0" covered="1"/>
        </class>
        <sourcefile name="Components.kt">
            <line nr="6" mi="0" ci="3" mb="0" cb="0"/>
            <line nr="7" mi="0" ci="6" mb="0" cb="0"/>
            <line nr="9" mi="0" ci="4" mb="0" cb="0"/>
            <counter type="INSTRUCTION" missed="0" covered="13"/>
            <counter type="LINE" missed="0" covered="3"/>
            <counter type="COMPLEXITY" missed="0" covered="3"/>
            <counter type="METHOD" missed="0" covered="3"/>
            <counter type="CLASS" missed="0" covered="1"/>
        </sourcefile>
        <sourcefile name="CircuitBreakers.kt">
            <line nr="3" mi="0" ci="3" mb="0" cb="0"/>
            <line nr="4" mi="3" ci="3" mb="0" cb="0"/>
            <line nr="5" mi="0" ci="6" mb="0" cb="0"/>
            <line nr="7" mi="0" ci="5" mb="0" cb="0"/>
            <counter type="INSTRUCTION" missed="3" covered="17"/>
            <counter type="LINE" missed="0" covered="4"/>
            <counter type="COMPLEXITY" missed="1" covered="3"/>
            <counter type="METHOD" missed="1" covered="3"/>
            <counter type="CLASS" missed="0" covered="1"/>
        </sourcefile>
        <sourcefile name="Body.kt">
            <line nr="6" mi="0" ci="3" mb="0" cb="0"/>
            <line nr="7" mi="3" ci="3" mb="0" cb="0"/>
            <line nr="8" mi="0" ci="6" mb="0" cb="0"/>
            <line nr="10" mi="0" ci="5" mb="0" cb="0"/>
            <counter type="INSTRUCTION" missed="3" covered="17"/>
            <counter type="LINE" missed="0" covered="4"/>
            <counter type="COMPLEXITY" missed="1" covered="3"/>
            <counter type="METHOD" missed="1" covered="3"/>
            <counter type="CLASS" missed="0" covered="1"/>
        </sourcefile>
        <counter type="INSTRUCTION" missed="6" covered="47"/>
        <counter type="LINE" missed="0" covered="11"/>
        <counter type="COMPLEXITY" missed="2" covered="9"/>
        <counter type="METHOD" missed="2" covered="9"/>
        <counter type="CLASS" missed="0" covered="3"/>
    </package>
    <package name="org/jesperancinha/management/gate/services">
        <class name="org/jesperancinha/management/gate/services/AlmG3BookService$logger$1"
               sourcefilename="AlmG3BookService.kt">
            <method name="invoke" desc="()V" line="22">
                <counter type="INSTRUCTION" missed="1" covered="0"/>
                <counter type="LINE" missed="1" covered="0"/>
                <counter type="COMPLEXITY" missed="1" covered="0"/>
                <counter type="METHOD" missed="1" covered="0"/>
            </method>
            <counter type="INSTRUCTION" missed="1" covered="0"/>
            <counter type="LINE" missed="1" covered="0"/>
            <counter type="COMPLEXITY" missed="1" covered="0"/>
            <counter type="METHOD" missed="1" covered="0"/>
            <counter type="CLASS" missed="1" covered="0"/>
        </class>
        <class name="org/jesperancinha/management/gate/services/AlmG4BookService$Companion"
               sourcefilename="AlmG4BookService.kt"/>
        <class name="org/jesperancinha/management/gate/services/AlmG1BookService$logger$1"
               sourcefilename="AlmG1BookService.kt">
            <method name="invoke" desc="()V" line="27">
                <counter type="INSTRUCTION" missed="1" covered="0"/>
                <counter type="LINE" missed="1" covered="0"/>
                <counter type="COMPLEXITY" missed="1" covered="0"/>
                <counter type="METHOD" missed="1" covered="0"/>
            </method>
            <counter type="INSTRUCTION" missed="1" covered="0"/>
            <counter type="LINE" missed="1" covered="0"/>
            <counter type="COMPLEXITY" missed="1" covered="0"/>
            <counter type="METHOD" missed="1" covered="0"/>
            <counter type="CLASS" missed="1" covered="0"/>
        </class>
        <class name="org/jesperancinha/management/gate/services/AlmG2BookService" sourcefilename="AlmG2BookService.kt">
            <method name="&lt;init&gt;" desc="(Lorg/jesperancinha/management/gate/client/WebClientInterface;)V"
                    line="18">
                <counter type="INSTRUCTION" missed="0" covered="15"/>
                <counter type="LINE" missed="0" covered="4"/>
                <counter type="COMPLEXITY" missed="0" covered="1"/>
                <counter type="METHOD" missed="0" covered="1"/>
            </method>
            <method name="getBookCBById" desc="(J)Lreactor/core/publisher/Mono;" line="27">
                <counter type="INSTRUCTION" missed="0" covered="5"/>
                <counter type="LINE" missed="0" covered="1"/>
                <counter type="COMPLEXITY" missed="0" covered="1"/>
                <counter type="METHOD" missed="0" covered="1"/>
            </method>
            <method name="getBookByIdJPA"
                    desc="(JLorg/springframework/web/reactive/function/client/WebClientRequestException;)Lreactor/core/publisher/Mono;"
                    line="30">
                <counter type="INSTRUCTION" missed="14" covered="0"/>
                <counter type="LINE" missed="2" covered="0"/>
                <counter type="COMPLEXITY" missed="1" covered="0"/>
                <counter type="METHOD" missed="1" covered="0"/>
            </method>
            <method name="getBookByIdJPA"
                    desc="(JLorg/jesperancinha/management/gate/exception/ReactiveAccessException;)Lreactor/core/publisher/Mono;"
                    line="35">
                <counter type="INSTRUCTION" missed="0" covered="14"/>
                <counter type="LINE" missed="0" covered="2"/>
                <counter type="COMPLEXITY" missed="0" covered="1"/>
                <counter type="METHOD" missed="0" covered="1"/>
            </method>
            <method name="getBookByIdJPA"
                    desc="(JLio/github/resilience4j/circuitbreaker/CallNotPermittedException;)Lreactor/core/publisher/Mono;"
                    line="40">
                <counter type="INSTRUCTION" missed="0" covered="14"/>
                <counter type="LINE" missed="0" covered="2"/>
                <counter type="COMPLEXITY" missed="0" covered="1"/>
                <counter type="METHOD" missed="0" covered="1"/>
            </method>
            <method name="getBookByIdJPA" desc="(JLjava/util/concurrent/TimeoutException;)Lreactor/core/publisher/Mono;"
                    line="45">
                <counter type="INSTRUCTION" missed="14" covered="0"/>
                <counter type="LINE" missed="2" covered="0"/>
                <counter type="COMPLEXITY" missed="1" covered="0"/>
                <counter type="METHOD" missed="1" covered="0"/>
            </method>
            <method name="getBookByIdJPA"
                    desc="(JLorg/jesperancinha/management/gate/exception/IgnoredException;)Lreactor/core/publisher/Mono;"
                    line="50">
                <counter type="INSTRUCTION" missed="14" covered="0"/>
                <counter type="LINE" missed="2" covered="0"/>
                <counter type="COMPLEXITY" missed="1" covered="0"/>
                <counter type="METHOD" missed="1" covered="0"/>
            </method>
            <method name="createBook" desc="(Lorg/jesperancinha/management/dtos/BookDto;)Lreactor/core/publisher/Mono;"
                    line="56">
                <counter type="INSTRUCTION" missed="8" covered="0"/>
                <counter type="LINE" missed="1" covered="0"/>
                <counter type="COMPLEXITY" missed="1" covered="0"/>
                <counter type="METHOD" missed="1" covered="0"/>
            </method>
            <method name="createBookByIdJPA"
                    desc="(Lorg/jesperancinha/management/dtos/BookDto;Lorg/jesperancinha/management/gate/exception/ReactiveAccessException;)Lreactor/core/publisher/Mono;"
                    line="60">
                <counter type="INSTRUCTION" missed="17" covered="0"/>
                <counter type="LINE" missed="2" covered="0"/>
                <counter type="COMPLEXITY" missed="1" covered="0"/>
                <counter type="METHOD" missed="1" covered="0"/>
            </method>
            <method name="createBookByIdJPA"
                    desc="(Lorg/jesperancinha/management/dtos/BookDto;Lio/github/resilience4j/circuitbreaker/CallNotPermittedException;)Lreactor/core/publisher/Mono;"
                    line="65">
                <counter type="INSTRUCTION" missed="17" covered="0"/>
                <counter type="LINE" missed="2" covered="0"/>
                <counter type="COMPLEXITY" missed="1" covered="0"/>
                <counter type="METHOD" missed="1" covered="0"/>
            </method>
            <method name="createBookByIdJPA"
                    desc="(Lorg/jesperancinha/management/dtos/BookDto;Ljava/util/concurrent/TimeoutException;)Lreactor/core/publisher/Mono;"
                    line="70">
                <counter type="INSTRUCTION" missed="17" covered="0"/>
                <counter type="LINE" missed="2" covered="0"/>
                <counter type="COMPLEXITY" missed="1" covered="0"/>
                <counter type="METHOD" missed="1" covered="0"/>
            </method>
            <method name="createBookByIdJPA"
                    desc="(Lorg/jesperancinha/management/dtos/BookDto;Lorg/jesperancinha/management/gate/exception/IgnoredException;)Lreactor/core/publisher/Mono;"
                    line="75">
                <counter type="INSTRUCTION" missed="17" covered="0"/>
                <counter type="LINE" missed="2" covered="0"/>
                <counter type="COMPLEXITY" missed="1" covered="0"/>
                <counter type="METHOD" missed="1" covered="0"/>
            </method>
            <counter type="INSTRUCTION" missed="118" covered="48"/>
            <counter type="LINE" missed="15" covered="9"/>
            <counter type="COMPLEXITY" missed="8" covered="4"/>
            <counter type="METHOD" missed="8" covered="4"/>
            <counter type="CLASS" missed="0" covered="1"/>
        </class>
        <class name="org/jesperancinha/management/gate/services/AlmG5BookService$logger$1"
               sourcefilename="AlmG5BookService.kt">
            <method name="invoke" desc="()V" line="22">
                <counter type="INSTRUCTION" missed="1" covered="0"/>
                <counter type="LINE" missed="1" covered="0"/>
                <counter type="COMPLEXITY" missed="1" covered="0"/>
                <counter type="METHOD" missed="1" covered="0"/>
            </method>
            <counter type="INSTRUCTION" missed="1" covered="0"/>
            <counter type="LINE" missed="1" covered="0"/>
            <counter type="COMPLEXITY" missed="1" covered="0"/>
            <counter type="METHOD" missed="1" covered="0"/>
            <counter type="CLASS" missed="1" covered="0"/>
        </class>
        <class name="org/jesperancinha/management/gate/services/AlmG2BookService$Companion"
               sourcefilename="AlmG2BookService.kt"/>
        <class name="org/jesperancinha/management/gate/services/AlmG3BookService" sourcefilename="AlmG3BookService.kt">
            <method name="&lt;init&gt;" desc="(Lorg/jesperancinha/management/gate/client/WebClientInterface;)V"
                    line="18">
                <counter type="INSTRUCTION" missed="0" covered="15"/>
                <counter type="LINE" missed="0" covered="4"/>
                <counter type="COMPLEXITY" missed="0" covered="1"/>
                <counter type="METHOD" missed="0" covered="1"/>
            </method>
            <method name="getBookCBById" desc="(J)Lreactor/core/publisher/Mono;" line="26">
                <counter type="INSTRUCTION" missed="0" covered="5"/>
                <counter type="LINE" missed="0" covered="1"/>
                <counter type="COMPLEXITY" missed="0" covered="1"/>
                <counter type="METHOD" missed="0" covered="1"/>
            </method>
            <method name="getBookByIdJPA"
                    desc="(JLorg/springframework/web/reactive/function/client/WebClientRequestException;)Lreactor/core/publisher/Mono;"
                    line="29">
                <counter type="INSTRUCTION" missed="14" covered="0"/>
                <counter type="LINE" missed="2" covered="0"/>
                <counter type="COMPLEXITY" missed="1" covered="0"/>
                <counter type="METHOD" missed="1" covered="0"/>
            </method>
            <method name="getBookByIdJPA"
                    desc="(JLorg/jesperancinha/management/gate/exception/ReactiveAccessException;)Lreactor/core/publisher/Mono;"
                    line="34">
                <counter type="INSTRUCTION" missed="14" covered="0"/>
                <counter type="LINE" missed="2" covered="0"/>
                <counter type="COMPLEXITY" missed="1" covered="0"/>
                <counter type="METHOD" missed="1" covered="0"/>
            </method>
            <method name="getBookByIdJPA"
                    desc="(JLio/github/resilience4j/circuitbreaker/CallNotPermittedException;)Lreactor/core/publisher/Mono;"
                    line="39">
                <counter type="INSTRUCTION" missed="0" covered="14"/>
                <counter type="LINE" missed="0" covered="2"/>
                <counter type="COMPLEXITY" missed="0" covered="1"/>
                <counter type="METHOD" missed="0" covered="1"/>
            </method>
            <method name="getBookByIdJPA" desc="(JLjava/util/concurrent/TimeoutException;)Lreactor/core/publisher/Mono;"
                    line="44">
                <counter type="INSTRUCTION" missed="14" covered="0"/>
                <counter type="LINE" missed="2" covered="0"/>
                <counter type="COMPLEXITY" missed="1" covered="0"/>
                <counter type="METHOD" missed="1" covered="0"/>
            </method>
            <method name="getBookByIdJPA"
                    desc="(JLorg/jesperancinha/management/gate/exception/IgnoredException;)Lreactor/core/publisher/Mono;"
                    line="49">
                <counter type="INSTRUCTION" missed="14" covered="0"/>
                <counter type="LINE" missed="2" covered="0"/>
                <counter type="COMPLEXITY" missed="1" covered="0"/>
                <counter type="METHOD" missed="1" covered="0"/>
            </method>
            <method name="createBook" desc="(Lorg/jesperancinha/management/dtos/BookDto;)Lreactor/core/publisher/Mono;"
                    line="55">
                <counter type="INSTRUCTION" missed="8" covered="0"/>
                <counter type="LINE" missed="1" covered="0"/>
                <counter type="COMPLEXITY" missed="1" covered="0"/>
                <counter type="METHOD" missed="1" covered="0"/>
            </method>
            <method name="createBookByIdJPA"
                    desc="(Lorg/jesperancinha/management/dtos/BookDto;Lorg/jesperancinha/management/gate/exception/ReactiveAccessException;)Lreactor/core/publisher/Mono;"
                    line="59">
                <counter type="INSTRUCTION" missed="17" covered="0"/>
                <counter type="LINE" missed="2" covered="0"/>
                <counter type="COMPLEXITY" missed="1" covered="0"/>
                <counter type="METHOD" missed="1" covered="0"/>
            </method>
            <method name="createBookByIdJPA"
                    desc="(Lorg/jesperancinha/management/dtos/BookDto;Lio/github/resilience4j/circuitbreaker/CallNotPermittedException;)Lreactor/core/publisher/Mono;"
                    line="64">
                <counter type="INSTRUCTION" missed="17" covered="0"/>
                <counter type="LINE" missed="2" covered="0"/>
                <counter type="COMPLEXITY" missed="1" covered="0"/>
                <counter type="METHOD" missed="1" covered="0"/>
            </method>
            <method name="createBookByIdJPA"
                    desc="(Lorg/jesperancinha/management/dtos/BookDto;Ljava/util/concurrent/TimeoutException;)Lreactor/core/publisher/Mono;"
                    line="69">
                <counter type="INSTRUCTION" missed="17" covered="0"/>
                <counter type="LINE" missed="2" covered="0"/>
                <counter type="COMPLEXITY" missed="1" covered="0"/>
                <counter type="METHOD" missed="1" covered="0"/>
            </method>
            <method name="createBookByIdJPA"
                    desc="(Lorg/jesperancinha/management/dtos/BookDto;Lorg/jesperancinha/management/gate/exception/IgnoredException;)Lreactor/core/publisher/Mono;"
                    line="74">
                <counter type="INSTRUCTION" missed="17" covered="0"/>
                <counter type="LINE" missed="2" covered="0"/>
                <counter type="COMPLEXITY" missed="1" covered="0"/>
                <counter type="METHOD" missed="1" covered="0"/>
            </method>
            <counter type="INSTRUCTION" missed="132" covered="34"/>
            <counter type="LINE" missed="17" covered="7"/>
            <counter type="COMPLEXITY" missed="9" covered="3"/>
            <counter type="METHOD" missed="9" covered="3"/>
            <counter type="CLASS" missed="0" covered="1"/>
        </class>
        <class name="org/jesperancinha/management/gate/services/AlmG2BookService$logger$1"
               sourcefilename="AlmG2BookService.kt">
            <method name="invoke" desc="()V" line="23">
                <counter type="INSTRUCTION" missed="1" covered="0"/>
                <counter type="LINE" missed="1" covered="0"/>
                <counter type="COMPLEXITY" missed="1" covered="0"/>
                <counter type="METHOD" missed="1" covered="0"/>
            </method>
            <counter type="INSTRUCTION" missed="1" covered="0"/>
            <counter type="LINE" missed="1" covered="0"/>
            <counter type="COMPLEXITY" missed="1" covered="0"/>
            <counter type="METHOD" missed="1" covered="0"/>
            <counter type="CLASS" missed="1" covered="0"/>
        </class>
        <class name="org/jesperancinha/management/gate/services/AlmG5BookService$Companion"
               sourcefilename="AlmG5BookService.kt"/>
        <class name="org/jesperancinha/management/gate/services/AlmG4BookService" sourcefilename="AlmG4BookService.kt">
            <method name="&lt;init&gt;" desc="(Lorg/jesperancinha/management/gate/client/WebClientInterface;)V"
                    line="18">
                <counter type="INSTRUCTION" missed="0" covered="15"/>
                <counter type="LINE" missed="0" covered="4"/>
                <counter type="COMPLEXITY" missed="0" covered="1"/>
                <counter type="METHOD" missed="0" covered="1"/>
            </method>
            <method name="getBookCBById" desc="(J)Lreactor/core/publisher/Mono;" line="26">
                <counter type="INSTRUCTION" missed="0" covered="5"/>
                <counter type="LINE" missed="0" covered="1"/>
                <counter type="COMPLEXITY" missed="0" covered="1"/>
                <counter type="METHOD" missed="0" covered="1"/>
            </method>
            <method name="getBookByIdJPA"
                    desc="(JLorg/springframework/web/reactive/function/client/WebClientRequestException;)Lreactor/core/publisher/Mono;"
                    line="29">
                <counter type="INSTRUCTION" missed="14" covered="0"/>
                <counter type="LINE" missed="2" covered="0"/>
                <counter type="COMPLEXITY" missed="1" covered="0"/>
                <counter type="METHOD" missed="1" covered="0"/>
            </method>
            <method name="getBookByIdJPA"
                    desc="(JLorg/jesperancinha/management/gate/exception/ReactiveAccessException;)Lreactor/core/publisher/Mono;"
                    line="34">
                <counter type="INSTRUCTION" missed="0" covered="14"/>
                <counter type="LINE" missed="0" covered="2"/>
                <counter type="COMPLEXITY" missed="0" covered="1"/>
                <counter type="METHOD" missed="0" covered="1"/>
            </method>
            <method name="getBookByIdJPA"
                    desc="(JLio/github/resilience4j/circuitbreaker/CallNotPermittedException;)Lreactor/core/publisher/Mono;"
                    line="39">
                <counter type="INSTRUCTION" missed="0" covered="14"/>
                <counter type="LINE" missed="0" covered="2"/>
                <counter type="COMPLEXITY" missed="0" covered="1"/>
                <counter type="METHOD" missed="0" covered="1"/>
            </method>
            <method name="getBookByIdJPA" desc="(JLjava/util/concurrent/TimeoutException;)Lreactor/core/publisher/Mono;"
                    line="44">
                <counter type="INSTRUCTION" missed="14" covered="0"/>
                <counter type="LINE" missed="2" covered="0"/>
                <counter type="COMPLEXITY" missed="1" covered="0"/>
                <counter type="METHOD" missed="1" covered="0"/>
            </method>
            <method name="getBookByIdJPA"
                    desc="(JLorg/jesperancinha/management/gate/exception/IgnoredException;)Lreactor/core/publisher/Mono;"
                    line="49">
                <counter type="INSTRUCTION" missed="14" covered="0"/>
                <counter type="LINE" missed="2" covered="0"/>
                <counter type="COMPLEXITY" missed="1" covered="0"/>
                <counter type="METHOD" missed="1" covered="0"/>
            </method>
            <method name="createBook" desc="(Lorg/jesperancinha/management/dtos/BookDto;)Lreactor/core/publisher/Mono;"
                    line="55">
                <counter type="INSTRUCTION" missed="8" covered="0"/>
                <counter type="LINE" missed="1" covered="0"/>
                <counter type="COMPLEXITY" missed="1" covered="0"/>
                <counter type="METHOD" missed="1" covered="0"/>
            </method>
            <method name="createBookByIdJPA"
                    desc="(Lorg/jesperancinha/management/dtos/BookDto;Lorg/jesperancinha/management/gate/exception/ReactiveAccessException;)Lreactor/core/publisher/Mono;"
                    line="59">
                <counter type="INSTRUCTION" missed="17" covered="0"/>
                <counter type="LINE" missed="2" covered="0"/>
                <counter type="COMPLEXITY" missed="1" covered="0"/>
                <counter type="METHOD" missed="1" covered="0"/>
            </method>
            <method name="createBookByIdJPA"
                    desc="(Lorg/jesperancinha/management/dtos/BookDto;Lio/github/resilience4j/circuitbreaker/CallNotPermittedException;)Lreactor/core/publisher/Mono;"
                    line="64">
                <counter type="INSTRUCTION" missed="17" covered="0"/>
                <counter type="LINE" missed="2" covered="0"/>
                <counter type="COMPLEXITY" missed="1" covered="0"/>
                <counter type="METHOD" missed="1" covered="0"/>
            </method>
            <method name="createBookByIdJPA"
                    desc="(Lorg/jesperancinha/management/dtos/BookDto;Ljava/util/concurrent/TimeoutException;)Lreactor/core/publisher/Mono;"
                    line="69">
                <counter type="INSTRUCTION" missed="17" covered="0"/>
                <counter type="LINE" missed="2" covered="0"/>
                <counter type="COMPLEXITY" missed="1" covered="0"/>
                <counter type="METHOD" missed="1" covered="0"/>
            </method>
            <method name="createBookByIdJPA"
                    desc="(Lorg/jesperancinha/management/dtos/BookDto;Lorg/jesperancinha/management/gate/exception/IgnoredException;)Lreactor/core/publisher/Mono;"
                    line="74">
                <counter type="INSTRUCTION" missed="17" covered="0"/>
                <counter type="LINE" missed="2" covered="0"/>
                <counter type="COMPLEXITY" missed="1" covered="0"/>
                <counter type="METHOD" missed="1" covered="0"/>
            </method>
            <counter type="INSTRUCTION" missed="118" covered="48"/>
            <counter type="LINE" missed="15" covered="9"/>
            <counter type="COMPLEXITY" missed="8" covered="4"/>
            <counter type="METHOD" missed="8" covered="4"/>
            <counter type="CLASS" missed="0" covered="1"/>
        </class>
        <class name="org/jesperancinha/management/gate/services/AlmG1BookService$Companion"
               sourcefilename="AlmG1BookService.kt"/>
        <class name="org/jesperancinha/management/gate/services/AlmG3BookService$Companion"
               sourcefilename="AlmG3BookService.kt"/>
        <class name="org/jesperancinha/management/gate/services/AlmG5BookService" sourcefilename="AlmG5BookService.kt">
            <method name="&lt;init&gt;" desc="(Lorg/jesperancinha/management/gate/client/WebClientInterface;)V"
                    line="18">
                <counter type="INSTRUCTION" missed="0" covered="15"/>
                <counter type="LINE" missed="0" covered="4"/>
                <counter type="COMPLEXITY" missed="0" covered="1"/>
                <counter type="METHOD" missed="0" covered="1"/>
            </method>
            <method name="getBookCBById" desc="(J)Lreactor/core/publisher/Mono;" line="26">
                <counter type="INSTRUCTION" missed="0" covered="5"/>
                <counter type="LINE" missed="0" covered="1"/>
                <counter type="COMPLEXITY" missed="0" covered="1"/>
                <counter type="METHOD" missed="0" covered="1"/>
            </method>
            <method name="getBookByIdJPA"
                    desc="(JLorg/springframework/web/reactive/function/client/WebClientRequestException;)Lreactor/core/publisher/Mono;"
                    line="29">
                <counter type="INSTRUCTION" missed="14" covered="0"/>
                <counter type="LINE" missed="2" covered="0"/>
                <counter type="COMPLEXITY" missed="1" covered="0"/>
                <counter type="METHOD" missed="1" covered="0"/>
            </method>
            <method name="getBookByIdJPA"
                    desc="(JLorg/jesperancinha/management/gate/exception/ReactiveAccessException;)Lreactor/core/publisher/Mono;"
                    line="34">
                <counter type="INSTRUCTION" missed="0" covered="14"/>
                <counter type="LINE" missed="0" covered="2"/>
                <counter type="COMPLEXITY" missed="0" covered="1"/>
                <counter type="METHOD" missed="0" covered="1"/>
            </method>
            <method name="getBookByIdJPA"
                    desc="(JLio/github/resilience4j/circuitbreaker/CallNotPermittedException;)Lreactor/core/publisher/Mono;"
                    line="39">
                <counter type="INSTRUCTION" missed="0" covered="14"/>
                <counter type="LINE" missed="0" covered="2"/>
                <counter type="COMPLEXITY" missed="0" covered="1"/>
                <counter type="METHOD" missed="0" covered="1"/>
            </method>
            <method name="getBookByIdJPA" desc="(JLjava/util/concurrent/TimeoutException;)Lreactor/core/publisher/Mono;"
                    line="44">
                <counter type="INSTRUCTION" missed="14" covered="0"/>
                <counter type="LINE" missed="2" covered="0"/>
                <counter type="COMPLEXITY" missed="1" covered="0"/>
                <counter type="METHOD" missed="1" covered="0"/>
            </method>
            <method name="getBookByIdJPA"
                    desc="(JLorg/jesperancinha/management/gate/exception/IgnoredException;)Lreactor/core/publisher/Mono;"
                    line="49">
                <counter type="INSTRUCTION" missed="14" covered="0"/>
                <counter type="LINE" missed="2" covered="0"/>
                <counter type="COMPLEXITY" missed="1" covered="0"/>
                <counter type="METHOD" missed="1" covered="0"/>
            </method>
            <method name="createBook" desc="(Lorg/jesperancinha/management/dtos/BookDto;)Lreactor/core/publisher/Mono;"
                    line="55">
                <counter type="INSTRUCTION" missed="8" covered="0"/>
                <counter type="LINE" missed="1" covered="0"/>
                <counter type="COMPLEXITY" missed="1" covered="0"/>
                <counter type="METHOD" missed="1" covered="0"/>
            </method>
            <method name="createBookByIdJPA"
                    desc="(Lorg/jesperancinha/management/dtos/BookDto;Lorg/jesperancinha/management/gate/exception/ReactiveAccessException;)Lreactor/core/publisher/Mono;"
                    line="59">
                <counter type="INSTRUCTION" missed="17" covered="0"/>
                <counter type="LINE" missed="2" covered="0"/>
                <counter type="COMPLEXITY" missed="1" covered="0"/>
                <counter type="METHOD" missed="1" covered="0"/>
            </method>
            <method name="createBookByIdJPA"
                    desc="(Lorg/jesperancinha/management/dtos/BookDto;Lio/github/resilience4j/circuitbreaker/CallNotPermittedException;)Lreactor/core/publisher/Mono;"
                    line="64">
                <counter type="INSTRUCTION" missed="17" covered="0"/>
                <counter type="LINE" missed="2" covered="0"/>
                <counter type="COMPLEXITY" missed="1" covered="0"/>
                <counter type="METHOD" missed="1" covered="0"/>
            </method>
            <method name="createBookByIdJPA"
                    desc="(Lorg/jesperancinha/management/dtos/BookDto;Ljava/util/concurrent/TimeoutException;)Lreactor/core/publisher/Mono;"
                    line="69">
                <counter type="INSTRUCTION" missed="17" covered="0"/>
                <counter type="LINE" missed="2" covered="0"/>
                <counter type="COMPLEXITY" missed="1" covered="0"/>
                <counter type="METHOD" missed="1" covered="0"/>
            </method>
            <method name="createBookByIdJPA"
                    desc="(Lorg/jesperancinha/management/dtos/BookDto;Lorg/jesperancinha/management/gate/exception/IgnoredException;)Lreactor/core/publisher/Mono;"
                    line="74">
                <counter type="INSTRUCTION" missed="17" covered="0"/>
                <counter type="LINE" missed="2" covered="0"/>
                <counter type="COMPLEXITY" missed="1" covered="0"/>
                <counter type="METHOD" missed="1" covered="0"/>
            </method>
            <counter type="INSTRUCTION" missed="118" covered="48"/>
            <counter type="LINE" missed="15" covered="9"/>
            <counter type="COMPLEXITY" missed="8" covered="4"/>
            <counter type="METHOD" missed="8" covered="4"/>
            <counter type="CLASS" missed="0" covered="1"/>
        </class>
        <class name="org/jesperancinha/management/gate/services/AlmG1BookService" sourcefilename="AlmG1BookService.kt">
            <method name="&lt;init&gt;" desc="(Lorg/jesperancinha/management/gate/client/WebClientInterface;)V"
                    line="22">
                <counter type="INSTRUCTION" missed="0" covered="15"/>
                <counter type="LINE" missed="0" covered="4"/>
                <counter type="COMPLEXITY" missed="0" covered="1"/>
                <counter type="METHOD" missed="0" covered="1"/>
            </method>
            <method name="getBookById" desc="(J)Lreactor/core/publisher/Mono;" line="35">
                <counter type="INSTRUCTION" missed="0" covered="5"/>
                <counter type="LINE" missed="0" covered="1"/>
                <counter type="COMPLEXITY" missed="0" covered="1"/>
                <counter type="METHOD" missed="0" covered="1"/>
            </method>
            <method name="getBookCBById" desc="(J)Lreactor/core/publisher/Mono;" line="39">
                <counter type="INSTRUCTION" missed="0" covered="5"/>
                <counter type="LINE" missed="0" covered="1"/>
                <counter type="COMPLEXITY" missed="0" covered="1"/>
                <counter type="METHOD" missed="0" covered="1"/>
            </method>
            <method name="getBookByIdJPA" desc="(JLjava/lang/Exception;)Lreactor/core/publisher/Mono;" line="42">
                <counter type="INSTRUCTION" missed="14" covered="0"/>
                <counter type="LINE" missed="2" covered="0"/>
                <counter type="COMPLEXITY" missed="1" covered="0"/>
                <counter type="METHOD" missed="1" covered="0"/>
            </method>
            <method name="getBookByIdJPA"
                    desc="(JLorg/springframework/web/reactive/function/client/WebClientRequestException;)Lreactor/core/publisher/Mono;"
                    line="46">
                <counter type="INSTRUCTION" missed="14" covered="0"/>
                <counter type="LINE" missed="2" covered="0"/>
                <counter type="COMPLEXITY" missed="1" covered="0"/>
                <counter type="METHOD" missed="1" covered="0"/>
            </method>
            <method name="getBookByIdJPA"
                    desc="(JLorg/jesperancinha/management/gate/exception/ReactiveAccessException;)Lreactor/core/publisher/Mono;"
                    line="51">
                <counter type="INSTRUCTION" missed="0" covered="14"/>
                <counter type="LINE" missed="0" covered="2"/>
                <counter type="COMPLEXITY" missed="0" covered="1"/>
                <counter type="METHOD" missed="0" covered="1"/>
            </method>
            <method name="getBookByIdJPA"
                    desc="(JLio/github/resilience4j/circuitbreaker/CallNotPermittedException;)Lreactor/core/publisher/Mono;"
                    line="56">
                <counter type="INSTRUCTION" missed="0" covered="14"/>
                <counter type="LINE" missed="0" covered="2"/>
                <counter type="COMPLEXITY" missed="0" covered="1"/>
                <counter type="METHOD" missed="0" covered="1"/>
            </method>
            <method name="getBookByIdJPA" desc="(JLjava/util/concurrent/TimeoutException;)Lreactor/core/publisher/Mono;"
                    line="61">
                <counter type="INSTRUCTION" missed="0" covered="14"/>
                <counter type="LINE" missed="0" covered="2"/>
                <counter type="COMPLEXITY" missed="0" covered="1"/>
                <counter type="METHOD" missed="0" covered="1"/>
            </method>
            <method name="getBookByIdJPA"
                    desc="(JLorg/jesperancinha/management/gate/exception/IgnoredException;)Lreactor/core/publisher/Mono;"
                    line="66">
                <counter type="INSTRUCTION" missed="0" covered="14"/>
                <counter type="LINE" missed="0" covered="2"/>
                <counter type="COMPLEXITY" missed="0" covered="1"/>
                <counter type="METHOD" missed="0" covered="1"/>
            </method>
            <method name="createBook" desc="(Lorg/jesperancinha/management/dtos/BookDto;)Lreactor/core/publisher/Mono;"
                    line="72">
                <counter type="INSTRUCTION" missed="8" covered="0"/>
                <counter type="LINE" missed="1" covered="0"/>
                <counter type="COMPLEXITY" missed="1" covered="0"/>
                <counter type="METHOD" missed="1" covered="0"/>
            </method>
            <method name="createBookByIdJPA"
                    desc="(Lorg/jesperancinha/management/dtos/BookDto;Lorg/springframework/web/reactive/function/client/WebClientRequestException;)Lreactor/core/publisher/Mono;"
                    line="76">
                <counter type="INSTRUCTION" missed="17" covered="0"/>
                <counter type="LINE" missed="2" covered="0"/>
                <counter type="COMPLEXITY" missed="1" covered="0"/>
                <counter type="METHOD" missed="1" covered="0"/>
            </method>
            <method name="createBookByIdJPA"
                    desc="(Lorg/jesperancinha/management/dtos/BookDto;Lorg/jesperancinha/management/gate/exception/ReactiveAccessException;)Lreactor/core/publisher/Mono;"
                    line="81">
                <counter type="INSTRUCTION" missed="17" covered="0"/>
                <counter type="LINE" missed="2" covered="0"/>
                <counter type="COMPLEXITY" missed="1" covered="0"/>
                <counter type="METHOD" missed="1" covered="0"/>
            </method>
            <method name="createBookByIdJPA"
                    desc="(Lorg/jesperancinha/management/dtos/BookDto;Lio/github/resilience4j/circuitbreaker/CallNotPermittedException;)Lreactor/core/publisher/Mono;"
                    line="86">
                <counter type="INSTRUCTION" missed="17" covered="0"/>
                <counter type="LINE" missed="2" covered="0"/>
                <counter type="COMPLEXITY" missed="1" covered="0"/>
                <counter type="METHOD" missed="1" covered="0"/>
            </method>
            <method name="createBookByIdJPA"
                    desc="(Lorg/jesperancinha/management/dtos/BookDto;Ljava/util/concurrent/TimeoutException;)Lreactor/core/publisher/Mono;"
                    line="91">
                <counter type="INSTRUCTION" missed="17" covered="0"/>
                <counter type="LINE" missed="2" covered="0"/>
                <counter type="COMPLEXITY" missed="1" covered="0"/>
                <counter type="METHOD" missed="1" covered="0"/>
            </method>
            <method name="createBookByIdJPA"
                    desc="(Lorg/jesperancinha/management/dtos/BookDto;Lorg/jesperancinha/management/gate/exception/IgnoredException;)Lreactor/core/publisher/Mono;"
                    line="96">
                <counter type="INSTRUCTION" missed="17" covered="0"/>
                <counter type="LINE" missed="2" covered="0"/>
                <counter type="COMPLEXITY" missed="1" covered="0"/>
                <counter type="METHOD" missed="1" covered="0"/>
            </method>
            <counter type="INSTRUCTION" missed="121" covered="81"/>
            <counter type="LINE" missed="15" covered="14"/>
            <counter type="COMPLEXITY" missed="8" covered="7"/>
            <counter type="METHOD" missed="8" covered="7"/>
            <counter type="CLASS" missed="0" covered="1"/>
        </class>
        <class name="org/jesperancinha/management/gate/services/AlmG4BookService$logger$1"
               sourcefilename="AlmG4BookService.kt">
            <method name="invoke" desc="()V" line="22">
                <counter type="INSTRUCTION" missed="1" covered="0"/>
                <counter type="LINE" missed="1" covered="0"/>
                <counter type="COMPLEXITY" missed="1" covered="0"/>
                <counter type="METHOD" missed="1" covered="0"/>
            </method>
            <counter type="INSTRUCTION" missed="1" covered="0"/>
            <counter type="LINE" missed="1" covered="0"/>
            <counter type="COMPLEXITY" missed="1" covered="0"/>
            <counter type="METHOD" missed="1" covered="0"/>
            <counter type="CLASS" missed="1" covered="0"/>
        </class>
        <sourcefile name="AlmG5BookService.kt">
            <line nr="18" mi="0" ci="2" mb="0" cb="0"/>
            <line nr="19" mi="0" ci="1" mb="0" cb="0"/>
            <line nr="20" mi="0" ci="3" mb="0" cb="0"/>
            <line nr="22" mi="1" ci="6" mb="0" cb="0"/>
            <line nr="26" mi="0" ci="5" mb="0" cb="0"/>
            <line nr="29" mi="6" ci="0" mb="0" cb="0"/>
            <line nr="30" mi="5" ci="0" mb="0" cb="0"/>
            <line nr="34" mi="0" ci="6" mb="0" cb="0"/>
            <line nr="35" mi="0" ci="5" mb="0" cb="0"/>
            <line nr="39" mi="0" ci="6" mb="0" cb="0"/>
            <line nr="40" mi="0" ci="5" mb="0" cb="0"/>
            <line nr="44" mi="6" ci="0" mb="0" cb="0"/>
            <line nr="45" mi="5" ci="0" mb="0" cb="0"/>
            <line nr="49" mi="6" ci="0" mb="0" cb="0"/>
            <line nr="50" mi="5" ci="0" mb="0" cb="0"/>
            <line nr="55" mi="5" ci="0" mb="0" cb="0"/>
            <line nr="59" mi="6" ci="0" mb="0" cb="0"/>
            <line nr="60" mi="5" ci="0" mb="0" cb="0"/>
            <line nr="64" mi="6" ci="0" mb="0" cb="0"/>
            <line nr="65" mi="5" ci="0" mb="0" cb="0"/>
            <line nr="69" mi="6" ci="0" mb="0" cb="0"/>
            <line nr="70" mi="5" ci="0" mb="0" cb="0"/>
            <line nr="74" mi="6" ci="0" mb="0" cb="0"/>
            <line nr="75" mi="5" ci="0" mb="0" cb="0"/>
            <counter type="INSTRUCTION" missed="119" covered="48"/>
            <counter type="LINE" missed="15" covered="9"/>
            <counter type="COMPLEXITY" missed="9" covered="4"/>
            <counter type="METHOD" missed="9" covered="4"/>
            <counter type="CLASS" missed="1" covered="1"/>
        </sourcefile>
        <sourcefile name="AlmG1BookService.kt">
            <line nr="22" mi="0" ci="2" mb="0" cb="0"/>
            <line nr="23" mi="0" ci="1" mb="0" cb="0"/>
            <line nr="24" mi="0" ci="3" mb="0" cb="0"/>
            <line nr="27" mi="1" ci="6" mb="0" cb="0"/>
            <line nr="35" mi="0" ci="5" mb="0" cb="0"/>
            <line nr="39" mi="0" ci="5" mb="0" cb="0"/>
            <line nr="42" mi="6" ci="0" mb="0" cb="0"/>
            <line nr="43" mi="5" ci="0" mb="0" cb="0"/>
            <line nr="46" mi="6" ci="0" mb="0" cb="0"/>
            <line nr="47" mi="5" ci="0" mb="0" cb="0"/>
            <line nr="51" mi="0" ci="6" mb="0" cb="0"/>
            <line nr="52" mi="0" ci="5" mb="0" cb="0"/>
            <line nr="56" mi="0" ci="6" mb="0" cb="0"/>
            <line nr="57" mi="0" ci="5" mb="0" cb="0"/>
            <line nr="61" mi="0" ci="6" mb="0" cb="0"/>
            <line nr="62" mi="0" ci="5" mb="0" cb="0"/>
            <line nr="66" mi="0" ci="6" mb="0" cb="0"/>
            <line nr="67" mi="0" ci="5" mb="0" cb="0"/>
            <line nr="72" mi="5" ci="0" mb="0" cb="0"/>
            <line nr="76" mi="6" ci="0" mb="0" cb="0"/>
            <line nr="77" mi="5" ci="0" mb="0" cb="0"/>
            <line nr="81" mi="6" ci="0" mb="0" cb="0"/>
            <line nr="82" mi="5" ci="0" mb="0" cb="0"/>
            <line nr="86" mi="6" ci="0" mb="0" cb="0"/>
            <line nr="87" mi="5" ci="0" mb="0" cb="0"/>
            <line nr="91" mi="6" ci="0" mb="0" cb="0"/>
            <line nr="92" mi="5" ci="0" mb="0" cb="0"/>
            <line nr="96" mi="6" ci="0" mb="0" cb="0"/>
            <line nr="97" mi="5" ci="0" mb="0" cb="0"/>
            <counter type="INSTRUCTION" missed="122" covered="81"/>
            <counter type="LINE" missed="15" covered="14"/>
            <counter type="COMPLEXITY" missed="9" covered="7"/>
            <counter type="METHOD" missed="9" covered="7"/>
            <counter type="CLASS" missed="1" covered="1"/>
        </sourcefile>
        <sourcefile name="AlmG2BookService.kt">
            <line nr="18" mi="0" ci="2" mb="0" cb="0"/>
            <line nr="19" mi="0" ci="1" mb="0" cb="0"/>
            <line nr="20" mi="0" ci="3" mb="0" cb="0"/>
            <line nr="23" mi="1" ci="6" mb="0" cb="0"/>
            <line nr="27" mi="0" ci="5" mb="0" cb="0"/>
            <line nr="30" mi="6" ci="0" mb="0" cb="0"/>
            <line nr="31" mi="5" ci="0" mb="0" cb="0"/>
            <line nr="35" mi="0" ci="6" mb="0" cb="0"/>
            <line nr="36" mi="0" ci="5" mb="0" cb="0"/>
            <line nr="40" mi="0" ci="6" mb="0" cb="0"/>
            <line nr="41" mi="0" ci="5" mb="0" cb="0"/>
            <line nr="45" mi="6" ci="0" mb="0" cb="0"/>
            <line nr="46" mi="5" ci="0" mb="0" cb="0"/>
            <line nr="50" mi="6" ci="0" mb="0" cb="0"/>
            <line nr="51" mi="5" ci="0" mb="0" cb="0"/>
            <line nr="56" mi="5" ci="0" mb="0" cb="0"/>
            <line nr="60" mi="6" ci="0" mb="0" cb="0"/>
            <line nr="61" mi="5" ci="0" mb="0" cb="0"/>
            <line nr="65" mi="6" ci="0" mb="0" cb="0"/>
            <line nr="66" mi="5" ci="0" mb="0" cb="0"/>
            <line nr="70" mi="6" ci="0" mb="0" cb="0"/>
            <line nr="71" mi="5" ci="0" mb="0" cb="0"/>
            <line nr="75" mi="6" ci="0" mb="0" cb="0"/>
            <line nr="76" mi="5" ci="0" mb="0" cb="0"/>
            <counter type="INSTRUCTION" missed="119" covered="48"/>
            <counter type="LINE" missed="15" covered="9"/>
            <counter type="COMPLEXITY" missed="9" covered="4"/>
            <counter type="METHOD" missed="9" covered="4"/>
            <counter type="CLASS" missed="1" covered="1"/>
        </sourcefile>
        <sourcefile name="AlmG3BookService.kt">
            <line nr="18" mi="0" ci="2" mb="0" cb="0"/>
            <line nr="19" mi="0" ci="1" mb="0" cb="0"/>
            <line nr="20" mi="0" ci="3" mb="0" cb="0"/>
            <line nr="22" mi="1" ci="6" mb="0" cb="0"/>
            <line nr="26" mi="0" ci="5" mb="0" cb="0"/>
            <line nr="29" mi="6" ci="0" mb="0" cb="0"/>
            <line nr="30" mi="5" ci="0" mb="0" cb="0"/>
            <line nr="34" mi="6" ci="0" mb="0" cb="0"/>
            <line nr="35" mi="5" ci="0" mb="0" cb="0"/>
            <line nr="39" mi="0" ci="6" mb="0" cb="0"/>
            <line nr="40" mi="0" ci="5" mb="0" cb="0"/>
            <line nr="44" mi="6" ci="0" mb="0" cb="0"/>
            <line nr="45" mi="5" ci="0" mb="0" cb="0"/>
            <line nr="49" mi="6" ci="0" mb="0" cb="0"/>
            <line nr="50" mi="5" ci="0" mb="0" cb="0"/>
            <line nr="55" mi="5" ci="0" mb="0" cb="0"/>
            <line nr="59" mi="6" ci="0" mb="0" cb="0"/>
            <line nr="60" mi="5" ci="0" mb="0" cb="0"/>
            <line nr="64" mi="6" ci="0" mb="0" cb="0"/>
            <line nr="65" mi="5" ci="0" mb="0" cb="0"/>
            <line nr="69" mi="6" ci="0" mb="0" cb="0"/>
            <line nr="70" mi="5" ci="0" mb="0" cb="0"/>
            <line nr="74" mi="6" ci="0" mb="0" cb="0"/>
            <line nr="75" mi="5" ci="0" mb="0" cb="0"/>
            <counter type="INSTRUCTION" missed="133" covered="34"/>
            <counter type="LINE" missed="17" covered="7"/>
            <counter type="COMPLEXITY" missed="10" covered="3"/>
            <counter type="METHOD" missed="10" covered="3"/>
            <counter type="CLASS" missed="1" covered="1"/>
        </sourcefile>
        <sourcefile name="AlmG4BookService.kt">
            <line nr="18" mi="0" ci="2" mb="0" cb="0"/>
            <line nr="19" mi="0" ci="1" mb="0" cb="0"/>
            <line nr="20" mi="0" ci="3" mb="0" cb="0"/>
            <line nr="22" mi="1" ci="6" mb="0" cb="0"/>
            <line nr="26" mi="0" ci="5" mb="0" cb="0"/>
            <line nr="29" mi="6" ci="0" mb="0" cb="0"/>
            <line nr="30" mi="5" ci="0" mb="0" cb="0"/>
            <line nr="34" mi="0" ci="6" mb="0" cb="0"/>
            <line nr="35" mi="0" ci="5" mb="0" cb="0"/>
            <line nr="39" mi="0" ci="6" mb="0" cb="0"/>
            <line nr="40" mi="0" ci="5" mb="0" cb="0"/>
            <line nr="44" mi="6" ci="0" mb="0" cb="0"/>
            <line nr="45" mi="5" ci="0" mb="0" cb="0"/>
            <line nr="49" mi="6" ci="0" mb="0" cb="0"/>
            <line nr="50" mi="5" ci="0" mb="0" cb="0"/>
            <line nr="55" mi="5" ci="0" mb="0" cb="0"/>
            <line nr="59" mi="6" ci="0" mb="0" cb="0"/>
            <line nr="60" mi="5" ci="0" mb="0" cb="0"/>
            <line nr="64" mi="6" ci="0" mb="0" cb="0"/>
            <line nr="65" mi="5" ci="0" mb="0" cb="0"/>
            <line nr="69" mi="6" ci="0" mb="0" cb="0"/>
            <line nr="70" mi="5" ci="0" mb="0" cb="0"/>
            <line nr="74" mi="6" ci="0" mb="0" cb="0"/>
            <line nr="75" mi="5" ci="0" mb="0" cb="0"/>
            <counter type="INSTRUCTION" missed="119" covered="48"/>
            <counter type="LINE" missed="15" covered="9"/>
            <counter type="COMPLEXITY" missed="9" covered="4"/>
            <counter type="METHOD" missed="9" covered="4"/>
            <counter type="CLASS" missed="1" covered="1"/>
        </sourcefile>
        <counter type="INSTRUCTION" missed="612" covered="259"/>
        <counter type="LINE" missed="77" covered="48"/>
        <counter type="COMPLEXITY" missed="46" covered="22"/>
        <counter type="METHOD" missed="46" covered="22"/>
        <counter type="CLASS" missed="5" covered="5"/>
    </package>
    <counter type="INSTRUCTION" missed="1064" covered="360"/>
    <counter type="LINE" missed="129" covered="78"/>
    <counter type="COMPLEXITY" missed="77" covered="39"/>
    <counter type="METHOD" missed="77" covered="39"/>
    <counter type="CLASS" missed="13" covered="16"/>
</report>