TN:
SF:routes/controllers/file.controller.js
FN:3,getJee7Answer
FN:7,getSpring5Answer
FN:11,getJee7Question
FN:15,getSpring5Question
FN:19,getQuizRules
FN:23,getCrosswordsRules
FN:27,getTextFromFile
FNF:7
FNH:5
FNDA:138,getJee7Answer
FNDA:21,getSpring5Answer
FNDA:9,getJee7Question
FNDA:3,getSpring5Question
FNDA:0,getQuizRules
FNDA:0,getCrosswordsRules
FNDA:171,getTextFromFile
DA:1,3
DA:4,138
DA:8,21
DA:12,9
DA:16,3
DA:20,0
DA:24,0
DA:28,171
DA:31,3
LF:9
LH:7
BRF:0
BRH:0
end_of_record
TN:
SF:routes/data/question.manager.js
FN:64,(anonymous_0)
FN:66,(anonymous_1)
FN:68,(anonymous_2)
FN:78,(anonymous_3)
FN:78,(anonymous_4)
FN:80,checkCorrect
FN:87,(anonymous_6)
FN:151,(anonymous_7)
FN:152,(anonymous_8)
FN:154,(anonymous_9)
FN:158,(anonymous_10)
FN:163,pushClue
FN:186,fillEmptyGaps
FN:222,(anonymous_13)
FN:224,(anonymous_14)
FN:226,(anonymous_15)
FN:228,getHintedAnswer
FNF:17
FNH:17
FNDA:6,(anonymous_0)
FNDA:30,(anonymous_1)
FNDA:342,(anonymous_2)
FNDA:40,(anonymous_3)
FNDA:40,(anonymous_4)
FNDA:120,checkCorrect
FNDA:245,(anonymous_6)
FNDA:3,(anonymous_7)
FNDA:15,(anonymous_8)
FNDA:171,(anonymous_9)
FNDA:18,(anonymous_10)
FNDA:60,pushClue
FNDA:3,fillEmptyGaps
FNDA:2,(anonymous_13)
FNDA:10,(anonymous_14)
FNDA:114,(anonymous_15)
FNDA:40,getHintedAnswer
DA:5,3
DA:10,3
DA:12,3
DA:39,3
DA:64,3
DA:66,30
DA:67,6
DA:68,342
DA:69,6
DA:70,6
DA:72,6
DA:74,6
DA:76,6
DA:78,40
DA:81,120
DA:82,87
DA:84,33
DA:85,33
DA:86,33
DA:87,33
DA:88,245
DA:91,245
DA:92,245
DA:93,245
DA:94,23
DA:95,23
DA:97,222
DA:99,33
DA:102,6
DA:125,6
DA:126,6
DA:128,6
DA:129,4
DA:133,2
DA:134,0
DA:139,2
DA:140,0
DA:144,2
DA:151,3
DA:152,15
DA:153,3
DA:154,171
DA:155,3
DA:156,3
DA:157,3
DA:158,18
DA:164,60
DA:166,18
DA:167,17
DA:168,17
DA:170,18
DA:171,5
DA:176,13
DA:177,13
DA:178,13
DA:187,3
DA:188,18
DA:189,18
DA:190,5
DA:196,3
DA:197,3
DA:198,3
DA:199,3
DA:200,3
DA:201,3
DA:202,3
DA:203,3
DA:204,3
DA:205,3
DA:206,3
DA:207,3
DA:208,3
DA:209,3
DA:210,3
DA:211,3
DA:212,3
DA:213,3
DA:214,3
DA:215,3
DA:217,3
DA:219,3
DA:222,3
DA:224,10
DA:225,2
DA:226,114
DA:229,40
DA:230,10
DA:233,10
DA:235,30
DA:238,2
DA:264,3
LF:91
LH:89
BRDA:81,0,0,87
BRDA:81,0,1,33
BRDA:81,1,0,120
BRDA:81,1,1,33
BRDA:92,2,0,245
BRDA:92,2,1,133
BRDA:93,3,0,23
BRDA:93,3,1,222
BRDA:93,4,0,245
BRDA:93,4,1,40
BRDA:99,5,0,33
BRDA:99,5,1,0
BRDA:103,6,0,6
BRDA:103,6,1,6
BRDA:103,6,2,6
BRDA:103,6,3,6
BRDA:103,6,4,6
BRDA:103,6,5,6
BRDA:103,6,6,6
BRDA:103,6,7,6
BRDA:103,6,8,6
BRDA:103,6,9,6
BRDA:103,6,10,6
BRDA:103,6,11,6
BRDA:103,6,12,6
BRDA:103,6,13,6
BRDA:103,6,14,6
BRDA:103,6,15,6
BRDA:103,6,16,6
BRDA:103,6,17,6
BRDA:103,6,18,6
BRDA:103,6,19,6
BRDA:128,7,0,4
BRDA:128,7,1,2
BRDA:133,8,0,0
BRDA:133,8,1,2
BRDA:139,9,0,0
BRDA:139,9,1,2
BRDA:164,10,0,18
BRDA:164,10,1,42
BRDA:166,11,0,17
BRDA:166,11,1,1
BRDA:170,12,0,5
BRDA:170,12,1,13
BRDA:170,13,0,18
BRDA:170,13,1,17
BRDA:170,13,2,17
BRDA:189,14,0,5
BRDA:189,14,1,13
BRDA:189,15,0,18
BRDA:189,15,1,13
BRDA:229,16,0,10
BRDA:229,16,1,30
BRDA:233,17,0,10
BRDA:233,17,1,0
BRF:55
BRH:51
end_of_record
TN:
SF:routes/data/questions/questions.jee7.js
FN:73,crosswordBoard
FNF:1
FNH:0
FNDA:0,crosswordBoard
DA:1,3
DA:2,3
DA:3,3
DA:4,3
DA:5,3
DA:6,3
DA:7,3
DA:8,3
DA:9,3
DA:10,3
DA:11,3
DA:12,3
DA:13,3
DA:14,3
DA:15,3
DA:16,3
DA:17,3
DA:18,3
DA:19,3
DA:20,3
DA:21,3
DA:22,3
DA:23,3
DA:24,3
DA:25,3
DA:26,3
DA:27,3
DA:28,3
DA:29,3
DA:30,3
DA:31,3
DA:32,3
DA:33,3
DA:34,3
DA:35,3
DA:36,3
DA:37,3
DA:38,3
DA:39,3
DA:40,3
DA:41,3
DA:42,3
DA:43,3
DA:44,3
DA:45,3
DA:46,3
DA:47,3
DA:48,3
DA:49,3
DA:50,3
DA:51,3
DA:52,3
DA:53,3
DA:54,3
DA:55,3
DA:56,3
DA:57,3
DA:58,3
DA:59,3
DA:61,3
DA:70,3
DA:71,3
DA:74,0
DA:77,3
LF:64
LH:63
BRF:0
BRH:0
end_of_record
TN:
SF:routes/data/questions/questions.spring.5.js
FN:26,crosswordBoard
FNF:1
FNH:0
FNDA:0,crosswordBoard
DA:1,3
DA:2,3
DA:3,3
DA:4,3
DA:5,3
DA:6,3
DA:7,3
DA:8,3
DA:9,3
DA:10,3
DA:11,3
DA:12,3
DA:13,3
DA:14,3
DA:15,3
DA:16,3
DA:17,3
DA:18,3
DA:23,3
DA:24,3
DA:27,0
DA:30,3
LF:22
LH:21
BRF:0
BRH:0
end_of_record
TN:
SF:routes/data/questions/questions.utils.js
FN:3,extractOnlyQuestions
FN:8,(anonymous_1)
FN:16,extractCluesQuestions
FN:21,(anonymous_3)
FN:28,extractDictionary
FN:30,(anonymous_5)
FN:31,(anonymous_6)
FN:44,(anonymous_7)
FN:47,sanitize
FN:56,iterateWords
FN:78,iterateWordsFound
FN:99,createBoard
FN:127,filterPossibleWords
FN:129,(anonymous_13)
FN:132,selectWordForBoard
FN:137,createCharObject
FN:157,placeWordOnReadyBoard
FN:202,placeWordOnBoard
FNF:18
FNH:9
FNDA:6,extractOnlyQuestions
FNDA:216,(anonymous_1)
FNDA:6,extractCluesQuestions
FNDA:216,(anonymous_3)
FNDA:1,extractDictionary
FNDA:2,(anonymous_5)
FNDA:2,(anonymous_6)
FNDA:2,(anonymous_7)
FNDA:4,sanitize
FNDA:0,iterateWords
FNDA:0,iterateWordsFound
FNDA:0,createBoard
FNDA:0,filterPossibleWords
FNDA:0,(anonymous_13)
FNDA:0,selectWordForBoard
FNDA:0,createCharObject
FNDA:0,placeWordOnReadyBoard
FNDA:0,placeWordOnBoard
DA:1,4
DA:4,6
DA:5,0
DA:7,6
DA:8,6
DA:9,216
DA:10,216
DA:11,216
DA:13,6
DA:17,6
DA:18,0
DA:20,6
DA:21,6
DA:22,216
DA:23,216
DA:25,6
DA:29,1
DA:30,2
DA:32,2
DA:33,2
DA:34,2
DA:35,4
DA:36,4
DA:37,4
DA:43,2
DA:44,2
DA:48,4
DA:49,4
DA:50,4
DA:51,4
DA:52,4
DA:53,4
DA:57,0
DA:58,0
DA:59,0
DA:60,0
DA:61,0
DA:62,0
DA:63,0
DA:64,0
DA:66,0
DA:69,0
DA:70,0
DA:71,0
DA:72,0
DA:79,0
DA:80,0
DA:81,0
DA:82,0
DA:83,0
DA:84,0
DA:85,0
DA:86,0
DA:88,0
DA:91,0
DA:92,0
DA:93,0
DA:94,0
DA:100,0
DA:101,0
DA:102,0
DA:103,0
DA:104,0
DA:105,0
DA:107,0
DA:109,0
DA:110,0
DA:111,0
DA:112,0
DA:113,0
DA:115,0
DA:116,0
DA:117,0
DA:120,0
DA:128,0
DA:129,0
DA:133,0
DA:134,0
DA:140,0
DA:141,0
DA:143,0
DA:148,0
DA:149,0
DA:150,0
DA:152,0
DA:154,0
DA:158,0
DA:159,0
DA:160,0
DA:161,0
DA:162,0
DA:163,0
DA:164,0
DA:165,0
DA:166,0
DA:167,0
DA:170,0
DA:171,0
DA:172,0
DA:174,0
DA:179,0
DA:180,0
DA:181,0
DA:182,0
DA:183,0
DA:184,0
DA:185,0
DA:186,0
DA:187,0
DA:190,0
DA:191,0
DA:192,0
DA:194,0
DA:199,0
DA:203,0
DA:204,0
DA:205,0
DA:206,0
DA:207,0
DA:208,0
DA:210,0
DA:212,0
DA:213,0
DA:214,0
DA:215,0
DA:217,0
DA:220,0
DA:222,0
DA:223,0
DA:224,0
DA:225,0
DA:227,0
DA:229,0
DA:230,0
DA:231,0
DA:233,0
DA:237,4
LF:137
LH:31
BRDA:4,0,0,0
BRDA:4,0,1,6
BRDA:17,1,0,0
BRDA:17,1,1,6
BRDA:36,2,0,4
BRDA:36,2,1,0
BRDA:62,3,0,0
BRDA:62,3,1,0
BRDA:69,4,0,0
BRDA:69,4,1,0
BRDA:71,5,0,0
BRDA:71,5,1,0
BRDA:72,6,0,0
BRDA:72,6,1,0
BRDA:84,7,0,0
BRDA:84,7,1,0
BRDA:91,8,0,0
BRDA:91,8,1,0
BRDA:93,9,0,0
BRDA:93,9,1,0
BRDA:94,10,0,0
BRDA:94,10,1,0
BRDA:116,11,0,0
BRDA:116,11,1,0
BRDA:117,12,0,0
BRDA:117,12,1,0
BRDA:129,13,0,0
BRDA:129,13,1,0
BRDA:140,14,0,0
BRDA:140,14,1,0
BRDA:148,15,0,0
BRDA:148,15,1,0
BRDA:149,16,0,0
BRDA:149,16,1,0
BRDA:158,17,0,0
BRDA:158,17,1,0
BRDA:163,18,0,0
BRDA:163,18,1,0
BRDA:163,19,0,0
BRDA:163,19,1,0
BRDA:165,20,0,0
BRDA:165,20,1,0
BRDA:170,21,0,0
BRDA:170,21,1,0
BRDA:170,22,0,0
BRDA:170,22,1,0
BRDA:183,23,0,0
BRDA:183,23,1,0
BRDA:183,24,0,0
BRDA:183,24,1,0
BRDA:185,25,0,0
BRDA:185,25,1,0
BRDA:190,26,0,0
BRDA:190,26,1,0
BRDA:190,27,0,0
BRDA:190,27,1,0
BRDA:205,28,0,0
BRDA:205,28,1,0
BRDA:212,29,0,0
BRDA:212,29,1,0
BRDA:222,30,0,0
BRDA:222,30,1,0
BRF:62
BRH:3
end_of_record
TN:
SF:routes/data/questions/jee7/question1.js
FNF:0
FNH:0
DA:1,3
LF:1
LH:1
BRF:0
BRH:0
end_of_record
TN:
SF:routes/data/questions/jee7/question10.js
FNF:0
FNH:0
DA:1,3
LF:1
LH:1
BRF:0
BRH:0
end_of_record
TN:
SF:routes/data/questions/jee7/question11.js
FNF:0
FNH:0
DA:1,3
DA:2,3
LF:2
LH:2
BRF:0
BRH:0
end_of_record
TN:
SF:routes/data/questions/jee7/question12.js
FNF:0
FNH:0
DA:1,3
LF:1
LH:1
BRF:0
BRH:0
end_of_record
TN:
SF:routes/data/questions/jee7/question13.js
FNF:0
FNH:0
DA:1,3
DA:2,3
DA:3,3
LF:3
LH:3
BRF:0
BRH:0
end_of_record
TN:
SF:routes/data/questions/jee7/question14.js
FNF:0
FNH:0
DA:1,3
LF:1
LH:1
BRF:0
BRH:0
end_of_record
TN:
SF:routes/data/questions/jee7/question15.js
FNF:0
FNH:0
DA:1,3
LF:1
LH:1
BRF:0
BRH:0
end_of_record
TN:
SF:routes/data/questions/jee7/question16.js
FNF:0
FNH:0
DA:1,3
LF:1
LH:1
BRF:0
BRH:0
end_of_record
TN:
SF:routes/data/questions/jee7/question17.js
FNF:0
FNH:0
DA:1,3
LF:1
LH:1
BRF:0
BRH:0
end_of_record
TN:
SF:routes/data/questions/jee7/question18.js
FNF:0
FNH:0
DA:1,3
DA:2,3
LF:2
LH:2
BRF:0
BRH:0
end_of_record
TN:
SF:routes/data/questions/jee7/question19.js
FNF:0
FNH:0
DA:1,3
DA:2,3
LF:2
LH:2
BRF:0
BRH:0
end_of_record
TN:
SF:routes/data/questions/jee7/question2.js
FNF:0
FNH:0
DA:1,3
DA:2,3
LF:2
LH:2
BRF:0
BRH:0
end_of_record
TN:
SF:routes/data/questions/jee7/question20.js
FNF:0
FNH:0
DA:1,3
DA:2,3
LF:2
LH:2
BRF:0
BRH:0
end_of_record
TN:
SF:routes/data/questions/jee7/question21.js
FNF:0
FNH:0
DA:1,3
DA:2,3
LF:2
LH:2
BRF:0
BRH:0
end_of_record
TN:
SF:routes/data/questions/jee7/question22.js
FNF:0
FNH:0
DA:1,3
DA:2,3
DA:3,3
LF:3
LH:3
BRF:0
BRH:0
end_of_record
TN:
SF:routes/data/questions/jee7/question23.js
FNF:0
FNH:0
DA:1,3
DA:2,3
LF:2
LH:2
BRF:0
BRH:0
end_of_record
TN:
SF:routes/data/questions/jee7/question24.js
FNF:0
FNH:0
DA:1,3
DA:2,3
LF:2
LH:2
BRF:0
BRH:0
end_of_record
TN:
SF:routes/data/questions/jee7/question25.js
FNF:0
FNH:0
DA:1,3
DA:2,3
LF:2
LH:2
BRF:0
BRH:0
end_of_record
TN:
SF:routes/data/questions/jee7/question26.js
FNF:0
FNH:0
DA:1,3
DA:2,3
LF:2
LH:2
BRF:0
BRH:0
end_of_record
TN:
SF:routes/data/questions/jee7/question27.js
FNF:0
FNH:0
DA:1,3
DA:2,3
LF:2
LH:2
BRF:0
BRH:0
end_of_record
TN:
SF:routes/data/questions/jee7/question28.js
FNF:0
FNH:0
DA:1,3
DA:2,3
LF:2
LH:2
BRF:0
BRH:0
end_of_record
TN:
SF:routes/data/questions/jee7/question29.js
FNF:0
FNH:0
DA:1,3
DA:2,3
LF:2
LH:2
BRF:0
BRH:0
end_of_record
TN:
SF:routes/data/questions/jee7/question3.js
FNF:0
FNH:0
DA:1,3
LF:1
LH:1
BRF:0
BRH:0
end_of_record
TN:
SF:routes/data/questions/jee7/question30.js
FNF:0
FNH:0
DA:1,3
DA:2,3
LF:2
LH:2
BRF:0
BRH:0
end_of_record
TN:
SF:routes/data/questions/jee7/question31.js
FNF:0
FNH:0
DA:1,3
DA:2,3
LF:2
LH:2
BRF:0
BRH:0
end_of_record
TN:
SF:routes/data/questions/jee7/question32.js
FNF:0
FNH:0
DA:1,3
DA:2,3
LF:2
LH:2
BRF:0
BRH:0
end_of_record
TN:
SF:routes/data/questions/jee7/question33.js
FNF:0
FNH:0
DA:1,3
DA:2,3
LF:2
LH:2
BRF:0
BRH:0
end_of_record
TN:
SF:routes/data/questions/jee7/question34.js
FNF:0
FNH:0
DA:1,3
DA:2,3
LF:2
LH:2
BRF:0
BRH:0
end_of_record
TN:
SF:routes/data/questions/jee7/question35.js
FNF:0
FNH:0
DA:1,3
DA:2,3
LF:2
LH:2
BRF:0
BRH:0
end_of_record
TN:
SF:routes/data/questions/jee7/question36.js
FNF:0
FNH:0
DA:1,3
DA:2,3
LF:2
LH:2
BRF:0
BRH:0
end_of_record
TN:
SF:routes/data/questions/jee7/question37.js
FNF:0
FNH:0
DA:1,3
DA:2,3
LF:2
LH:2
BRF:0
BRH:0
end_of_record
TN:
SF:routes/data/questions/jee7/question38.js
FNF:0
FNH:0
DA:1,3
DA:2,3
LF:2
LH:2
BRF:0
BRH:0
end_of_record
TN:
SF:routes/data/questions/jee7/question39.js
FNF:0
FNH:0
DA:1,3
DA:2,3
LF:2
LH:2
BRF:0
BRH:0
end_of_record
TN:
SF:routes/data/questions/jee7/question4.js
FNF:0
FNH:0
DA:1,3
LF:1
LH:1
BRF:0
BRH:0
end_of_record
TN:
SF:routes/data/questions/jee7/question40.js
FNF:0
FNH:0
DA:1,3
DA:2,3
LF:2
LH:2
BRF:0
BRH:0
end_of_record
TN:
SF:routes/data/questions/jee7/question41.js
FNF:0
FNH:0
DA:1,3
LF:1
LH:1
BRF:0
BRH:0
end_of_record
TN:
SF:routes/data/questions/jee7/question42.js
FNF:0
FNH:0
DA:1,3
DA:2,3
LF:2
LH:2
BRF:0
BRH:0
end_of_record
TN:
SF:routes/data/questions/jee7/question43.js
FNF:0
FNH:0
DA:1,3
DA:2,3
LF:2
LH:2
BRF:0
BRH:0
end_of_record
TN:
SF:routes/data/questions/jee7/question44.js
FNF:0
FNH:0
DA:1,3
DA:2,3
LF:2
LH:2
BRF:0
BRH:0
end_of_record
TN:
SF:routes/data/questions/jee7/question45.js
FNF:0
FNH:0
DA:1,3
DA:2,3
LF:2
LH:2
BRF:0
BRH:0
end_of_record
TN:
SF:routes/data/questions/jee7/question46.js
FNF:0
FNH:0
DA:1,3
DA:2,3
LF:2
LH:2
BRF:0
BRH:0
end_of_record
TN:
SF:routes/data/questions/jee7/question47.js
FNF:0
FNH:0
DA:1,3
LF:1
LH:1
BRF:0
BRH:0
end_of_record
TN:
SF:routes/data/questions/jee7/question48.js
FNF:0
FNH:0
DA:1,3
DA:2,3
LF:2
LH:2
BRF:0
BRH:0
end_of_record
TN:
SF:routes/data/questions/jee7/question49.js
FNF:0
FNH:0
DA:1,3
DA:2,3
LF:2
LH:2
BRF:0
BRH:0
end_of_record
TN:
SF:routes/data/questions/jee7/question5.js
FNF:0
FNH:0
DA:1,3
DA:2,3
LF:2
LH:2
BRF:0
BRH:0
end_of_record
TN:
SF:routes/data/questions/jee7/question50.js
FNF:0
FNH:0
DA:1,3
DA:2,3
LF:2
LH:2
BRF:0
BRH:0
end_of_record
TN:
SF:routes/data/questions/jee7/question51.js
FNF:0
FNH:0
DA:1,3
DA:2,3
LF:2
LH:2
BRF:0
BRH:0
end_of_record
TN:
SF:routes/data/questions/jee7/question52.js
FNF:0
FNH:0
DA:1,3
DA:2,3
LF:2
LH:2
BRF:0
BRH:0
end_of_record
TN:
SF:routes/data/questions/jee7/question53.js
FNF:0
FNH:0
DA:1,3
DA:2,3
LF:2
LH:2
BRF:0
BRH:0
end_of_record
TN:
SF:routes/data/questions/jee7/question54.js
FNF:0
FNH:0
DA:1,3
DA:2,3
DA:3,3
LF:3
LH:3
BRF:0
BRH:0
end_of_record
TN:
SF:routes/data/questions/jee7/question55.js
FNF:0
FNH:0
DA:1,3
DA:2,3
LF:2
LH:2
BRF:0
BRH:0
end_of_record
TN:
SF:routes/data/questions/jee7/question56.js
FNF:0
FNH:0
DA:1,3
DA:2,3
LF:2
LH:2
BRF:0
BRH:0
end_of_record
TN:
SF:routes/data/questions/jee7/question57.js
FNF:0
FNH:0
DA:1,3
DA:2,3
LF:2
LH:2
BRF:0
BRH:0
end_of_record
TN:
SF:routes/data/questions/jee7/question6.js
FNF:0
FNH:0
DA:1,3
DA:2,3
LF:2
LH:2
BRF:0
BRH:0
end_of_record
TN:
SF:routes/data/questions/jee7/question7.js
FNF:0
FNH:0
DA:1,3
DA:2,3
LF:2
LH:2
BRF:0
BRH:0
end_of_record
TN:
SF:routes/data/questions/jee7/question8.js
FNF:0
FNH:0
DA:1,3
DA:2,3
LF:2
LH:2
BRF:0
BRH:0
end_of_record
TN:
SF:routes/data/questions/jee7/question9.js
FNF:0
FNH:0
DA:1,3
DA:3,3
LF:2
LH:2
BRF:0
BRH:0
end_of_record
TN:
SF:routes/data/questions/spring5/question1.js
FNF:0
FNH:0
DA:1,3
DA:2,3
LF:2
LH:2
BRF:0
BRH:0
end_of_record
TN:
SF:routes/data/questions/spring5/question10.js
FNF:0
FNH:0
DA:1,3
LF:1
LH:1
BRF:0
BRH:0
end_of_record
TN:
SF:routes/data/questions/spring5/question11.js
FNF:0
FNH:0
DA:1,3
LF:1
LH:1
BRF:0
BRH:0
end_of_record
TN:
SF:routes/data/questions/spring5/question12.js
FNF:0
FNH:0
DA:1,3
LF:1
LH:1
BRF:0
BRH:0
end_of_record
TN:
SF:routes/data/questions/spring5/question13.js
FNF:0
FNH:0
DA:1,3
LF:1
LH:1
BRF:0
BRH:0
end_of_record
TN:
SF:routes/data/questions/spring5/question14.js
FNF:0
FNH:0
DA:1,3
LF:1
LH:1
BRF:0
BRH:0
end_of_record
TN:
SF:routes/data/questions/spring5/question15.js
FNF:0
FNH:0
DA:1,3
LF:1
LH:1
BRF:0
BRH:0
end_of_record
TN:
SF:routes/data/questions/spring5/question2.js
FNF:0
FNH:0
DA:1,3
DA:2,3
LF:2
LH:2
BRF:0
BRH:0
end_of_record
TN:
SF:routes/data/questions/spring5/question3.js
FNF:0
FNH:0
DA:1,3
DA:2,3
LF:2
LH:2
BRF:0
BRH:0
end_of_record
TN:
SF:routes/data/questions/spring5/question4.js
FNF:0
FNH:0
DA:1,3
DA:2,3
DA:3,3
LF:3
LH:3
BRF:0
BRH:0
end_of_record
TN:
SF:routes/data/questions/spring5/question5.js
FNF:0
FNH:0
DA:1,3
DA:2,3
LF:2
LH:2
BRF:0
BRH:0
end_of_record
TN:
SF:routes/data/questions/spring5/question6.js
FNF:0
FNH:0
DA:1,3
LF:1
LH:1
BRF:0
BRH:0
end_of_record
TN:
SF:routes/data/questions/spring5/question7.js
FNF:0
FNH:0
DA:1,3
DA:2,3
LF:2
LH:2
BRF:0
BRH:0
end_of_record
TN:
SF:routes/data/questions/spring5/question8.js
FNF:0
FNH:0
DA:1,3
DA:2,3
LF:2
LH:2
BRF:0
BRH:0
end_of_record
TN:
SF:routes/data/questions/spring5/question9.js
FNF:0
FNH:0
DA:1,3
LF:1
LH:1
BRF:0
BRH:0
end_of_record
