{"meta": {"version": "6.2", "timestamp": "2022-02-01T11:51:32.249423", "branch_coverage": false, "show_contexts": false}, "files": {"bl-demo-server/bl-core-service/geo_calculator.py": {"executed_lines": [1, 2, 5, 6, 7, 8, 10, 14, 18, 19, 20, 21, 22, 24, 27, 36], "summary": {"covered_lines": 16, "num_statements": 31, "percent_covered": 51.61290322580645, "percent_covered_display": "52", "missing_lines": 15, "excluded_lines": 0}, "missing_lines": [11, 12, 15, 28, 29, 30, 31, 32, 33, 37, 38, 39, 40, 41, 42], "excluded_lines": []}, "bl-demo-server/bl-core-service/geo_calculator_test.py": {"executed_lines": [1, 3, 6, 8, 9, 11, 12, 14, 16, 17, 20], "summary": {"covered_lines": 11, "num_statements": 12, "percent_covered": 91.66666666666667, "percent_covered_display": "92", "missing_lines": 1, "excluded_lines": 0}, "missing_lines": [21], "excluded_lines": []}, "bl-demo-server/launch_demo_server.py": {"executed_lines": [], "summary": {"covered_lines": 0, "num_statements": 89, "percent_covered": 0.0, "percent_covered_display": "0", "missing_lines": 89, "excluded_lines": 0}, "missing_lines": [2, 3, 4, 5, 6, 7, 9, 11, 12, 13, 15, 16, 18, 19, 22, 23, 24, 27, 29, 32, 33, 34, 37, 38, 39, 40, 41, 42, 45, 47, 48, 49, 50, 51, 52, 53, 54, 55, 56, 58, 60, 61, 62, 64, 66, 68, 69, 70, 71, 72, 73, 74, 75, 76, 77, 78, 79, 81, 82, 83, 84, 86, 88, 92, 93, 94, 95, 96, 97, 98, 99, 100, 102, 104, 105, 107, 110, 111, 112, 113, 115, 117, 118, 119, 120, 122, 123, 124, 126], "excluded_lines": []}}, "totals": {"covered_lines": 27, "num_statements": 132, "percent_covered": 20.454545454545453, "percent_covered_display": "20", "missing_lines": 105, "excluded_lines": 0}}