{"meta": {"version": "6.2", "timestamp": "2022-02-01T11:51:34.686586", "branch_coverage": false, "show_contexts": false}, "files": {"bl-simulation-data/passenger_generator.py": {"executed_lines": [], "summary": {"covered_lines": 0, "num_statements": 22, "percent_covered": 0.0, "percent_covered_display": "0", "missing_lines": 22, "excluded_lines": 0}, "missing_lines": [1, 3, 4, 7, 8, 9, 10, 11, 12, 13, 14, 15, 17, 18, 21, 22, 23, 24, 25, 28, 29, 30], "excluded_lines": []}}, "totals": {"covered_lines": 0, "num_statements": 22, "percent_covered": 0.0, "percent_covered_display": "0", "missing_lines": 22, "excluded_lines": 0}}