TN:
SF:src/leiningen/omni_coveragereporter_lein.clj
DA:1,1
DA:11,4
DA:14,1
DA:18,7
DA:19,5
DA:20,3
DA:21,1
DA:22,5
DA:23,4
DA:24,4
DA:25,4
DA:26,4
DA:27,4
DA:28,5
DA:29,5
DA:30,5
DA:31,9
DA:32,9
DA:33,5
DA:34,5
DA:35,5
DA:36,5
DA:37,5
DA:38,5
DA:39,5
DA:40,5
DA:41,5
DA:42,5
DA:43,5
DA:44,5
DA:45,11
DA:46,7
DA:47,7
DA:48,7
DA:49,7
DA:50,7
DA:51,7
DA:52,5
DA:53,5
DA:54,5
DA:56,6
DA:57,6
DA:58,6
DA:59,6
DA:60,6
DA:61,6
DA:62,6
DA:63,6
DA:64,6
DA:65,6
DA:66,6
DA:67,6
DA:68,6
DA:69,6
DA:70,6
DA:71,6
DA:72,6
DA:73,6
DA:74,6
DA:75,6
DA:76,6
DA:77,6
DA:78,6
DA:79,6
DA:80,6
DA:81,6
DA:82,4
DA:83,1
DA:85,1
DA:86,1
DA:87,1
DA:88,1
DA:89,1
DA:90,1
DA:91,1
DA:92,1
DA:93,1
DA:94,1
DA:95,1
DA:96,1
DA:97,1
DA:99,3
DA:100,4
LF:83
LH:83
end_of_record
